Analysis & Synthesis report for Recop_Project
Sun Apr 19 18:51:13 2026
Quartus Prime Version 18.1.0 Build 625 09/12/2018 SJ Lite Edition


---------------------
; Table of Contents ;
---------------------
  1. Legal Notice
  2. Analysis & Synthesis Summary
  3. Analysis & Synthesis Settings
  4. Parallel Compilation
  5. Analysis & Synthesis Source Files Read
  6. Analysis & Synthesis Resource Usage Summary
  7. Analysis & Synthesis Resource Utilization by Entity
  8. Analysis & Synthesis RAM Summary
  9. Analysis & Synthesis IP Cores Summary
 10. State Machine - |recop_top|multicycle_moore_machine:u_cu|state
 11. Registers Removed During Synthesis
 12. General Register Statistics
 13. Inverted Register Statistics
 14. Multiplexer Restructuring Statistics (Restructuring Performed)
 15. Source assignments for instruction_memory_ip:u_im_ip|altsyncram:altsyncram_component|altsyncram_lav3:auto_generated
 16. Source assignments for execute:u_execute|data_memory_ip:u_dm|altsyncram:altsyncram_component|altsyncram_lpo3:auto_generated
 17. Parameter Settings for User Entity Instance: instruction_memory_ip:u_im_ip|altsyncram:altsyncram_component
 18. Parameter Settings for User Entity Instance: execute:u_execute|data_memory_ip:u_dm|altsyncram:altsyncram_component
 19. altsyncram Parameter Settings by Entity Instance
 20. Port Connectivity Checks: "registers:u_registers"
 21. Port Connectivity Checks: "execute:u_execute|alu:u_alu"
 22. Port Connectivity Checks: "regfile:u_regfile"
 23. Post-Synthesis Netlist Statistics for Top Partition
 24. Elapsed Time Per Partition
 25. Analysis & Synthesis Messages



----------------
; Legal Notice ;
----------------
Copyright (C) 2018  Intel Corporation. All rights reserved.
Your use of Intel Corporation's design tools, logic functions 
and other software and tools, and its AMPP partner logic 
functions, and any output files from any of the foregoing 
(including device programming or simulation files), and any 
associated documentation or information are expressly subject 
to the terms and conditions of the Intel Program License 
Subscription Agreement, the Intel Quartus Prime License Agreement,
the Intel FPGA IP License Agreement, or other applicable license
agreement, including, without limitation, that your use is for
the sole purpose of programming logic devices manufactured by
Intel and sold by Intel or its authorized distributors.  Please
refer to the applicable agreement for further details.



+----------------------------------------------------------------------------------+
; Analysis & Synthesis Summary                                                     ;
+------------------------------------+---------------------------------------------+
; Analysis & Synthesis Status        ; Successful - Sun Apr 19 18:51:13 2026       ;
; Quartus Prime Version              ; 18.1.0 Build 625 09/12/2018 SJ Lite Edition ;
; Revision Name                      ; Recop_Project                               ;
; Top-level Entity Name              ; recop_top                                   ;
; Family                             ; Cyclone IV E                                ;
; Total logic elements               ; 976                                         ;
;     Total combinational functions  ; 703                                         ;
;     Dedicated logic registers      ; 344                                         ;
; Total registers                    ; 344                                         ;
; Total pins                         ; 72                                          ;
; Total virtual pins                 ; 0                                           ;
; Total memory bits                  ; 24,576                                      ;
; Embedded Multiplier 9-bit elements ; 0                                           ;
; Total PLLs                         ; 0                                           ;
+------------------------------------+---------------------------------------------+


+------------------------------------------------------------------------------------------------------------+
; Analysis & Synthesis Settings                                                                              ;
+------------------------------------------------------------------+--------------------+--------------------+
; Option                                                           ; Setting            ; Default Value      ;
+------------------------------------------------------------------+--------------------+--------------------+
; Device                                                           ; EP4CE115F29C7      ;                    ;
; Top-level entity name                                            ; recop_top          ; Recop_Project      ;
; Family name                                                      ; Cyclone IV E       ; Cyclone V          ;
; Use smart compilation                                            ; Off                ; Off                ;
; Enable parallel Assembler and Timing Analyzer during compilation ; On                 ; On                 ;
; Enable compact report table                                      ; Off                ; Off                ;
; Restructure Multiplexers                                         ; Auto               ; Auto               ;
; Create Debugging Nodes for IP Cores                              ; Off                ; Off                ;
; Preserve fewer node names                                        ; On                 ; On                 ;
; Intel FPGA IP Evaluation Mode                                    ; Enable             ; Enable             ;
; Verilog Version                                                  ; Verilog_2001       ; Verilog_2001       ;
; VHDL Version                                                     ; VHDL_1993          ; VHDL_1993          ;
; State Machine Processing                                         ; Auto               ; Auto               ;
; Safe State Machine                                               ; Off                ; Off                ;
; Extract Verilog State Machines                                   ; On                 ; On                 ;
; Extract VHDL State Machines                                      ; On                 ; On                 ;
; Ignore Verilog initial constructs                                ; Off                ; Off                ;
; Iteration limit for constant Verilog loops                       ; 5000               ; 5000               ;
; Iteration limit for non-constant Verilog loops                   ; 250                ; 250                ;
; Add Pass-Through Logic to Inferred RAMs                          ; On                 ; On                 ;
; Infer RAMs from Raw Logic                                        ; On                 ; On                 ;
; Parallel Synthesis                                               ; On                 ; On                 ;
; DSP Block Balancing                                              ; Auto               ; Auto               ;
; NOT Gate Push-Back                                               ; On                 ; On                 ;
; Power-Up Don't Care                                              ; On                 ; On                 ;
; Remove Redundant Logic Cells                                     ; Off                ; Off                ;
; Remove Duplicate Registers                                       ; On                 ; On                 ;
; Ignore CARRY Buffers                                             ; Off                ; Off                ;
; Ignore CASCADE Buffers                                           ; Off                ; Off                ;
; Ignore GLOBAL Buffers                                            ; Off                ; Off                ;
; Ignore ROW GLOBAL Buffers                                        ; Off                ; Off                ;
; Ignore LCELL Buffers                                             ; Off                ; Off                ;
; Ignore SOFT Buffers                                              ; On                 ; On                 ;
; Limit AHDL Integers to 32 Bits                                   ; Off                ; Off                ;
; Optimization Technique                                           ; Balanced           ; Balanced           ;
; Carry Chain Length                                               ; 70                 ; 70                 ;
; Auto Carry Chains                                                ; On                 ; On                 ;
; Auto Open-Drain Pins                                             ; On                 ; On                 ;
; Perform WYSIWYG Primitive Resynthesis                            ; Off                ; Off                ;
; Auto ROM Replacement                                             ; On                 ; On                 ;
; Auto RAM Replacement                                             ; On                 ; On                 ;
; Auto DSP Block Replacement                                       ; On                 ; On                 ;
; Auto Shift Register Replacement                                  ; Auto               ; Auto               ;
; Allow Shift Register Merging across Hierarchies                  ; Auto               ; Auto               ;
; Auto Clock Enable Replacement                                    ; On                 ; On                 ;
; Strict RAM Replacement                                           ; Off                ; Off                ;
; Allow Synchronous Control Signals                                ; On                 ; On                 ;
; Force Use of Synchronous Clear Signals                           ; Off                ; Off                ;
; Auto RAM Block Balancing                                         ; On                 ; On                 ;
; Auto RAM to Logic Cell Conversion                                ; Off                ; Off                ;
; Auto Resource Sharing                                            ; Off                ; Off                ;
; Allow Any RAM Size For Recognition                               ; Off                ; Off                ;
; Allow Any ROM Size For Recognition                               ; Off                ; Off                ;
; Allow Any Shift Register Size For Recognition                    ; Off                ; Off                ;
; Use LogicLock Constraints during Resource Balancing              ; On                 ; On                 ;
; Ignore translate_off and synthesis_off directives                ; Off                ; Off                ;
; Timing-Driven Synthesis                                          ; On                 ; On                 ;
; Report Parameter Settings                                        ; On                 ; On                 ;
; Report Source Assignments                                        ; On                 ; On                 ;
; Report Connectivity Checks                                       ; On                 ; On                 ;
; Ignore Maximum Fan-Out Assignments                               ; Off                ; Off                ;
; Synchronization Register Chain Length                            ; 2                  ; 2                  ;
; Power Optimization During Synthesis                              ; Normal compilation ; Normal compilation ;
; HDL message level                                                ; Level2             ; Level2             ;
; Suppress Register Optimization Related Messages                  ; Off                ; Off                ;
; Number of Removed Registers Reported in Synthesis Report         ; 5000               ; 5000               ;
; Number of Swept Nodes Reported in Synthesis Report               ; 5000               ; 5000               ;
; Number of Inverted Registers Reported in Synthesis Report        ; 100                ; 100                ;
; Clock MUX Protection                                             ; On                 ; On                 ;
; Auto Gated Clock Conversion                                      ; Off                ; Off                ;
; Block Design Naming                                              ; Auto               ; Auto               ;
; SDC constraint protection                                        ; Off                ; Off                ;
; Synthesis Effort                                                 ; Auto               ; Auto               ;
; Shift Register Replacement - Allow Asynchronous Clear Signal     ; On                 ; On                 ;
; Pre-Mapping Resynthesis Optimization                             ; Off                ; Off                ;
; Analysis & Synthesis Message Level                               ; Medium             ; Medium             ;
; Disable Register Merging Across Hierarchies                      ; Auto               ; Auto               ;
; Resource Aware Inference For Block RAM                           ; On                 ; On                 ;
+------------------------------------------------------------------+--------------------+--------------------+


+------------------------------------------+
; Parallel Compilation                     ;
+----------------------------+-------------+
; Processors                 ; Number      ;
+----------------------------+-------------+
; Number detected on machine ; 8           ;
; Maximum allowed            ; 4           ;
;                            ;             ;
; Average used               ; 1.00        ;
; Maximum used               ; 4           ;
;                            ;             ;
; Usage by Processor         ; % Time Used ;
;     Processor 1            ; 100.0%      ;
;     Processor 2            ;   0.0%      ;
;     Processor 3            ;   0.0%      ;
;     Processor 4            ;   0.0%      ;
+----------------------------+-------------+


+-----------------------------------------------------------------------------------------------------------------------------------------------------------------------------------------------------------------------+
; Analysis & Synthesis Source Files Read                                                                                                                                                                                ;
+----------------------------------------------------------------+-----------------+----------------------------------------+---------------------------------------------------------------------------------+---------+
; File Name with User-Entered Path                               ; Used in Netlist ; File Type                              ; File Name with Absolute Path                                                    ; Library ;
+----------------------------------------------------------------+-----------------+----------------------------------------+---------------------------------------------------------------------------------+---------+
; Selected VHDL source design files/multicycle_moore_machine.vhd ; yes             ; User VHDL File                         ; C:/HDL/701/recop/Selected VHDL source design files/multicycle_moore_machine.vhd ;         ;
; Selected VHDL source design files/various_constants.vhd        ; yes             ; User VHDL File                         ; C:/HDL/701/recop/Selected VHDL source design files/various_constants.vhd        ;         ;
; Selected VHDL source design files/registers.vhd                ; yes             ; User VHDL File                         ; C:/HDL/701/recop/Selected VHDL source design files/registers.vhd                ;         ;
; Selected VHDL source design files/regfile.vhd                  ; yes             ; User VHDL File                         ; C:/HDL/701/recop/Selected VHDL source design files/regfile.vhd                  ;         ;
; Selected VHDL source design files/recop_types.vhd              ; yes             ; User VHDL File                         ; C:/HDL/701/recop/Selected VHDL source design files/recop_types.vhd              ;         ;
; Selected VHDL source design files/recop_top.vhd                ; yes             ; User VHDL File                         ; C:/HDL/701/recop/Selected VHDL source design files/recop_top.vhd                ;         ;
; Selected VHDL source design files/program_counter.vhd          ; yes             ; User VHDL File                         ; C:/HDL/701/recop/Selected VHDL source design files/program_counter.vhd          ;         ;
; Selected VHDL source design files/opcodes.vhd                  ; yes             ; User VHDL File                         ; C:/HDL/701/recop/Selected VHDL source design files/opcodes.vhd                  ;         ;
; Selected VHDL source design files/execute.vhd                  ; yes             ; User VHDL File                         ; C:/HDL/701/recop/Selected VHDL source design files/execute.vhd                  ;         ;
; Selected VHDL source design files/data_memory_ip.vhd           ; yes             ; User Wizard-Generated File             ; C:/HDL/701/recop/Selected VHDL source design files/data_memory_ip.vhd           ;         ;
; Selected VHDL source design files/ALU.vhd                      ; yes             ; User VHDL File                         ; C:/HDL/701/recop/Selected VHDL source design files/ALU.vhd                      ;         ;
; Selected VHDL source design files/instruction_memory_ip.vhd    ; yes             ; User Wizard-Generated File             ; C:/HDL/701/recop/Selected VHDL source design files/instruction_memory_ip.vhd    ;         ;
; altsyncram.tdf                                                 ; yes             ; Megafunction                           ; c:/hdl/quartu18.1/quartus/libraries/megafunctions/altsyncram.tdf                ;         ;
; stratix_ram_block.inc                                          ; yes             ; Megafunction                           ; c:/hdl/quartu18.1/quartus/libraries/megafunctions/stratix_ram_block.inc         ;         ;
; lpm_mux.inc                                                    ; yes             ; Megafunction                           ; c:/hdl/quartu18.1/quartus/libraries/megafunctions/lpm_mux.inc                   ;         ;
; lpm_decode.inc                                                 ; yes             ; Megafunction                           ; c:/hdl/quartu18.1/quartus/libraries/megafunctions/lpm_decode.inc                ;         ;
; aglobal181.inc                                                 ; yes             ; Megafunction                           ; c:/hdl/quartu18.1/quartus/libraries/megafunctions/aglobal181.inc                ;         ;
; a_rdenreg.inc                                                  ; yes             ; Megafunction                           ; c:/hdl/quartu18.1/quartus/libraries/megafunctions/a_rdenreg.inc                 ;         ;
; altrom.inc                                                     ; yes             ; Megafunction                           ; c:/hdl/quartu18.1/quartus/libraries/megafunctions/altrom.inc                    ;         ;
; altram.inc                                                     ; yes             ; Megafunction                           ; c:/hdl/quartu18.1/quartus/libraries/megafunctions/altram.inc                    ;         ;
; altdpram.inc                                                   ; yes             ; Megafunction                           ; c:/hdl/quartu18.1/quartus/libraries/megafunctions/altdpram.inc                  ;         ;
; db/altsyncram_lav3.tdf                                         ; yes             ; Auto-Generated Megafunction            ; C:/HDL/701/recop/db/altsyncram_lav3.tdf                                         ;         ;
; selected vhdl source design files/cpu_mif.mif                  ; yes             ; Auto-Found Memory Initialization File  ; C:/HDL/701/recop/selected vhdl source design files/cpu_mif.mif                  ;         ;
; db/altsyncram_lpo3.tdf                                         ; yes             ; Auto-Generated Megafunction            ; C:/HDL/701/recop/db/altsyncram_lpo3.tdf                                         ;         ;
+----------------------------------------------------------------+-----------------+----------------------------------------+---------------------------------------------------------------------------------+---------+


+---------------------------------------------------------+
; Analysis & Synthesis Resource Usage Summary             ;
+---------------------------------------------+-----------+
; Resource                                    ; Usage     ;
+---------------------------------------------+-----------+
; Estimated Total logic elements              ; 976       ;
;                                             ;           ;
; Total combinational functions               ; 703       ;
; Logic element usage by number of LUT inputs ;           ;
;     -- 4 input functions                    ; 501       ;
;     -- 3 input functions                    ; 161       ;
;     -- <=2 input functions                  ; 41        ;
;                                             ;           ;
; Logic elements by mode                      ;           ;
;     -- normal mode                          ; 657       ;
;     -- arithmetic mode                      ; 46        ;
;                                             ;           ;
; Total registers                             ; 344       ;
;     -- Dedicated logic registers            ; 344       ;
;     -- I/O registers                        ; 0         ;
;                                             ;           ;
; I/O pins                                    ; 72        ;
; Total memory bits                           ; 24576     ;
;                                             ;           ;
; Embedded Multiplier 9-bit elements          ; 0         ;
;                                             ;           ;
; Maximum fan-out node                        ; clk~input ;
; Maximum fan-out                             ; 392       ;
; Total fan-out                               ; 4587      ;
; Average fan-out                             ; 3.70      ;
+---------------------------------------------+-----------+


+-------------------------------------------------------------------------------------------------------------------------------------------------------------------------------------------------------------------------------------------------------------------------------------------------------------------------------------+
; Analysis & Synthesis Resource Utilization by Entity                                                                                                                                                                                                                                                                                 ;
+----------------------------------------------+---------------------+---------------------------+-------------+--------------+---------+-----------+------+--------------+-----------------------------------------------------------------------------------------------------------------+--------------------------+--------------+
; Compilation Hierarchy Node                   ; Combinational ALUTs ; Dedicated Logic Registers ; Memory Bits ; DSP Elements ; DSP 9x9 ; DSP 18x18 ; Pins ; Virtual Pins ; Full Hierarchy Name                                                                                             ; Entity Name              ; Library Name ;
+----------------------------------------------+---------------------+---------------------------+-------------+--------------+---------+-----------+------+--------------+-----------------------------------------------------------------------------------------------------------------+--------------------------+--------------+
; |recop_top                                   ; 703 (20)            ; 344 (0)                   ; 24576       ; 0            ; 0       ; 0         ; 72   ; 0            ; |recop_top                                                                                                      ; recop_top                ; work         ;
;    |execute:u_execute|                       ; 173 (66)            ; 1 (0)                     ; 8192        ; 0            ; 0       ; 0         ; 0    ; 0            ; |recop_top|execute:u_execute                                                                                    ; execute                  ; work         ;
;       |alu:u_alu|                            ; 107 (107)           ; 1 (1)                     ; 0           ; 0            ; 0       ; 0         ; 0    ; 0            ; |recop_top|execute:u_execute|alu:u_alu                                                                          ; alu                      ; work         ;
;       |data_memory_ip:u_dm|                  ; 0 (0)               ; 0 (0)                     ; 8192        ; 0            ; 0       ; 0         ; 0    ; 0            ; |recop_top|execute:u_execute|data_memory_ip:u_dm                                                                ; data_memory_ip           ; work         ;
;          |altsyncram:altsyncram_component|   ; 0 (0)               ; 0 (0)                     ; 8192        ; 0            ; 0       ; 0         ; 0    ; 0            ; |recop_top|execute:u_execute|data_memory_ip:u_dm|altsyncram:altsyncram_component                                ; altsyncram               ; work         ;
;             |altsyncram_lpo3:auto_generated| ; 0 (0)               ; 0 (0)                     ; 8192        ; 0            ; 0       ; 0         ; 0    ; 0            ; |recop_top|execute:u_execute|data_memory_ip:u_dm|altsyncram:altsyncram_component|altsyncram_lpo3:auto_generated ; altsyncram_lpo3          ; work         ;
;    |instruction_memory_ip:u_im_ip|           ; 0 (0)               ; 0 (0)                     ; 16384       ; 0            ; 0       ; 0         ; 0    ; 0            ; |recop_top|instruction_memory_ip:u_im_ip                                                                        ; instruction_memory_ip    ; work         ;
;       |altsyncram:altsyncram_component|      ; 0 (0)               ; 0 (0)                     ; 16384       ; 0            ; 0       ; 0         ; 0    ; 0            ; |recop_top|instruction_memory_ip:u_im_ip|altsyncram:altsyncram_component                                        ; altsyncram               ; work         ;
;          |altsyncram_lav3:auto_generated|    ; 0 (0)               ; 0 (0)                     ; 16384       ; 0            ; 0       ; 0         ; 0    ; 0            ; |recop_top|instruction_memory_ip:u_im_ip|altsyncram:altsyncram_component|altsyncram_lav3:auto_generated         ; altsyncram_lav3          ; work         ;
;    |multicycle_moore_machine:u_cu|           ; 72 (72)             ; 6 (6)                     ; 0           ; 0            ; 0       ; 0         ; 0    ; 0            ; |recop_top|multicycle_moore_machine:u_cu                                                                        ; multicycle_moore_machine ; work         ;
;    |program_counter:u_pc|                    ; 16 (16)             ; 16 (16)                   ; 0           ; 0            ; 0       ; 0         ; 0    ; 0            ; |recop_top|program_counter:u_pc                                                                                 ; program_counter          ; work         ;
;    |regfile:u_regfile|                       ; 406 (406)           ; 256 (256)                 ; 0           ; 0            ; 0       ; 0         ; 0    ; 0            ; |recop_top|regfile:u_regfile                                                                                    ; regfile                  ; work         ;
;    |registers:u_registers|                   ; 16 (16)             ; 65 (65)                   ; 0           ; 0            ; 0       ; 0         ; 0    ; 0            ; |recop_top|registers:u_registers                                                                                ; registers                ; work         ;
+----------------------------------------------+---------------------+---------------------------+-------------+--------------+---------+-----------+------+--------------+-----------------------------------------------------------------------------------------------------------------+--------------------------+--------------+
Note: For table entries with two numbers listed, the numbers in parentheses indicate the number of resources of the given type used by the specific entity alone. The numbers listed outside of parentheses indicate the total resources of the given type used by the specific entity and all of its sub-entities in the hierarchy.


+------------------------------------------------------------------------------------------------------------------------------------------------------------------------------------------------------------------------------------------------------------+
; Analysis & Synthesis RAM Summary                                                                                                                                                                                                                           ;
+-----------------------------------------------------------------------------------------------------------------+------+-------------+--------------+--------------+--------------+--------------+-------+-------------------------------------------------+
; Name                                                                                                            ; Type ; Mode        ; Port A Depth ; Port A Width ; Port B Depth ; Port B Width ; Size  ; MIF                                             ;
+-----------------------------------------------------------------------------------------------------------------+------+-------------+--------------+--------------+--------------+--------------+-------+-------------------------------------------------+
; execute:u_execute|data_memory_ip:u_dm|altsyncram:altsyncram_component|altsyncram_lpo3:auto_generated|ALTSYNCRAM ; AUTO ; Single Port ; 512          ; 16           ; --           ; --           ; 8192  ; None                                            ;
; instruction_memory_ip:u_im_ip|altsyncram:altsyncram_component|altsyncram_lav3:auto_generated|ALTSYNCRAM         ; AUTO ; ROM         ; 512          ; 32           ; --           ; --           ; 16384 ; ./Selected VHDL source design files/cpu_mif.mif ;
+-----------------------------------------------------------------------------------------------------------------+------+-------------+--------------+--------------+--------------+--------------+-------+-------------------------------------------------+


+--------------------------------------------------------------------------------------------------------------------------------------------------------------------------------+
; Analysis & Synthesis IP Cores Summary                                                                                                                                          ;
+--------+--------------+---------+--------------+--------------+--------------------------------------------------+-------------------------------------------------------------+
; Vendor ; IP Core Name ; Version ; Release Date ; License Type ; Entity Instance                                  ; IP Include File                                             ;
+--------+--------------+---------+--------------+--------------+--------------------------------------------------+-------------------------------------------------------------+
; Altera ; RAM: 1-PORT  ; 18.1    ; N/A          ; N/A          ; |recop_top|execute:u_execute|data_memory_ip:u_dm ; Selected VHDL source design files/data_memory_ip.vhd        ;
; Altera ; ROM: 1-PORT  ; 18.1    ; N/A          ; N/A          ; |recop_top|instruction_memory_ip:u_im_ip         ; Selected VHDL source design files/instruction_memory_ip.vhd ;
+--------+--------------+---------+--------------+--------------+--------------------------------------------------+-------------------------------------------------------------+


Encoding Type:  One-Hot
+---------------------------------------------------------------------------------------------------------------------------------+
; State Machine - |recop_top|multicycle_moore_machine:u_cu|state                                                                  ;
+-------------------+-------------------+-------------------+------------------+-----------------+----------------+---------------+
; Name              ; state.S_WRITEBACK ; state.S_MEM_WRITE ; state.S_MEM_READ ; state.S_EXECUTE ; state.S_DECODE ; state.S_FETCH ;
+-------------------+-------------------+-------------------+------------------+-----------------+----------------+---------------+
; state.S_FETCH     ; 0                 ; 0                 ; 0                ; 0               ; 0              ; 0             ;
; state.S_DECODE    ; 0                 ; 0                 ; 0                ; 0               ; 1              ; 1             ;
; state.S_EXECUTE   ; 0                 ; 0                 ; 0                ; 1               ; 0              ; 1             ;
; state.S_MEM_READ  ; 0                 ; 0                 ; 1                ; 0               ; 0              ; 1             ;
; state.S_MEM_WRITE ; 0                 ; 1                 ; 0                ; 0               ; 0              ; 1             ;
; state.S_WRITEBACK ; 1                 ; 0                 ; 0                ; 0               ; 0              ; 1             ;
+-------------------+-------------------+-------------------+------------------+-----------------+----------------+---------------+


+-------------------------------------------------------------------------------------+
; Registers Removed During Synthesis                                                  ;
+---------------------------------------+---------------------------------------------+
; Register name                         ; Reason for Removal                          ;
+---------------------------------------+---------------------------------------------+
; registers:u_registers|dprr[0]         ; Stuck at GND due to stuck port clock_enable ;
; Total Number of Removed Registers = 1 ;                                             ;
+---------------------------------------+---------------------------------------------+


+------------------------------------------------------+
; General Register Statistics                          ;
+----------------------------------------------+-------+
; Statistic                                    ; Value ;
+----------------------------------------------+-------+
; Total registers                              ; 344   ;
; Number of registers using Synchronous Clear  ; 0     ;
; Number of registers using Synchronous Load   ; 16    ;
; Number of registers using Asynchronous Clear ; 344   ;
; Number of registers using Asynchronous Load  ; 0     ;
; Number of registers using Clock Enable       ; 321   ;
; Number of registers using Preset             ; 0     ;
+----------------------------------------------+-------+


+--------------------------------------------------+
; Inverted Register Statistics                     ;
+----------------------------------------+---------+
; Inverted Register                      ; Fan out ;
+----------------------------------------+---------+
; registers:u_registers|dprr[1]          ; 1       ;
; Total number of inverted registers = 1 ;         ;
+----------------------------------------+---------+


+------------------------------------------------------------------------------------------------------------------------------------------------------------------------+
; Multiplexer Restructuring Statistics (Restructuring Performed)                                                                                                         ;
+--------------------+-----------+---------------+----------------------+------------------------+------------+----------------------------------------------------------+
; Multiplexer Inputs ; Bus Width ; Baseline Area ; Area if Restructured ; Saving if Restructured ; Registered ; Example Multiplexer Output                               ;
+--------------------+-----------+---------------+----------------------+------------------------+------------+----------------------------------------------------------+
; 4:1                ; 16 bits   ; 32 LEs        ; 32 LEs               ; 0 LEs                  ; Yes        ; |recop_top|program_counter:u_pc|current_pc[13]           ;
; 3:1                ; 3 bits    ; 6 LEs         ; 6 LEs                ; 0 LEs                  ; No         ; |recop_top|multicycle_moore_machine:u_cu|rf_input_sel[0] ;
; 4:1                ; 16 bits   ; 32 LEs        ; 32 LEs               ; 0 LEs                  ; No         ; |recop_top|execute:u_execute|Mux15                       ;
; 4:1                ; 9 bits    ; 18 LEs        ; 18 LEs               ; 0 LEs                  ; No         ; |recop_top|execute:u_execute|Mux3                        ;
; 3:1                ; 3 bits    ; 6 LEs         ; 3 LEs                ; 3 LEs                  ; No         ; |recop_top|multicycle_moore_machine:u_cu|alu_op2_sel     ;
; 5:1                ; 3 bits    ; 9 LEs         ; 6 LEs                ; 3 LEs                  ; No         ; |recop_top|multicycle_moore_machine:u_cu|irq_clr         ;
; 8:1                ; 16 bits   ; 80 LEs        ; 32 LEs               ; 48 LEs                 ; No         ; |recop_top|execute:u_execute|alu:u_alu|Mux31             ;
; 16:1               ; 16 bits   ; 160 LEs       ; 160 LEs              ; 0 LEs                  ; No         ; |recop_top|regfile:u_regfile|Mux28                       ;
; 16:1               ; 16 bits   ; 160 LEs       ; 160 LEs              ; 0 LEs                  ; No         ; |recop_top|regfile:u_regfile|Mux40                       ;
; 9:1                ; 16 bits   ; 96 LEs        ; 64 LEs               ; 32 LEs                 ; No         ; |recop_top|regfile:u_regfile|Mux0                        ;
+--------------------+-----------+---------------+----------------------+------------------------+------------+----------------------------------------------------------+


+---------------------------------------------------------------------------------------------------------------------+
; Source assignments for instruction_memory_ip:u_im_ip|altsyncram:altsyncram_component|altsyncram_lav3:auto_generated ;
+---------------------------------+--------------------+------+-------------------------------------------------------+
; Assignment                      ; Value              ; From ; To                                                    ;
+---------------------------------+--------------------+------+-------------------------------------------------------+
; OPTIMIZE_POWER_DURING_SYNTHESIS ; NORMAL_COMPILATION ; -    ; -                                                     ;
+---------------------------------+--------------------+------+-------------------------------------------------------+


+-----------------------------------------------------------------------------------------------------------------------------+
; Source assignments for execute:u_execute|data_memory_ip:u_dm|altsyncram:altsyncram_component|altsyncram_lpo3:auto_generated ;
+---------------------------------+--------------------+------+---------------------------------------------------------------+
; Assignment                      ; Value              ; From ; To                                                            ;
+---------------------------------+--------------------+------+---------------------------------------------------------------+
; OPTIMIZE_POWER_DURING_SYNTHESIS ; NORMAL_COMPILATION ; -    ; -                                                             ;
+---------------------------------+--------------------+------+---------------------------------------------------------------+


+------------------------------------------------------------------------------------------------------------+
; Parameter Settings for User Entity Instance: instruction_memory_ip:u_im_ip|altsyncram:altsyncram_component ;
+------------------------------------+-------------------------------------------------+---------------------+
; Parameter Name                     ; Value                                           ; Type                ;
+------------------------------------+-------------------------------------------------+---------------------+
; BYTE_SIZE_BLOCK                    ; 8                                               ; Untyped             ;
; AUTO_CARRY_CHAINS                  ; ON                                              ; AUTO_CARRY          ;
; IGNORE_CARRY_BUFFERS               ; OFF                                             ; IGNORE_CARRY        ;
; AUTO_CASCADE_CHAINS                ; ON                                              ; AUTO_CASCADE        ;
; IGNORE_CASCADE_BUFFERS             ; OFF                                             ; IGNORE_CASCADE      ;
; WIDTH_BYTEENA                      ; 1                                               ; Untyped             ;
; OPERATION_MODE                     ; ROM                                             ; Untyped             ;
; WIDTH_A                            ; 32                                              ; Signed Integer      ;
; WIDTHAD_A                          ; 9                                               ; Signed Integer      ;
; NUMWORDS_A                         ; 512                                             ; Signed Integer      ;
; OUTDATA_REG_A                      ; UNREGISTERED                                    ; Untyped             ;
; ADDRESS_ACLR_A                     ; NONE                                            ; Untyped             ;
; OUTDATA_ACLR_A                     ; NONE                                            ; Untyped             ;
; WRCONTROL_ACLR_A                   ; NONE                                            ; Untyped             ;
; INDATA_ACLR_A                      ; NONE                                            ; Untyped             ;
; BYTEENA_ACLR_A                     ; NONE                                            ; Untyped             ;
; WIDTH_B                            ; 1                                               ; Signed Integer      ;
; WIDTHAD_B                          ; 1                                               ; Signed Integer      ;
; NUMWORDS_B                         ; 0                                               ; Signed Integer      ;
; INDATA_REG_B                       ; CLOCK1                                          ; Untyped             ;
; WRCONTROL_WRADDRESS_REG_B          ; CLOCK1                                          ; Untyped             ;
; RDCONTROL_REG_B                    ; CLOCK1                                          ; Untyped             ;
; ADDRESS_REG_B                      ; CLOCK1                                          ; Untyped             ;
; OUTDATA_REG_B                      ; UNREGISTERED                                    ; Untyped             ;
; BYTEENA_REG_B                      ; CLOCK1                                          ; Untyped             ;
; INDATA_ACLR_B                      ; NONE                                            ; Untyped             ;
; WRCONTROL_ACLR_B                   ; NONE                                            ; Untyped             ;
; ADDRESS_ACLR_B                     ; NONE                                            ; Untyped             ;
; OUTDATA_ACLR_B                     ; NONE                                            ; Untyped             ;
; RDCONTROL_ACLR_B                   ; NONE                                            ; Untyped             ;
; BYTEENA_ACLR_B                     ; NONE                                            ; Untyped             ;
; WIDTH_BYTEENA_A                    ; 1                                               ; Signed Integer      ;
; WIDTH_BYTEENA_B                    ; 1                                               ; Signed Integer      ;
; RAM_BLOCK_TYPE                     ; AUTO                                            ; Untyped             ;
; BYTE_SIZE                          ; 8                                               ; Signed Integer      ;
; READ_DURING_WRITE_MODE_MIXED_PORTS ; DONT_CARE                                       ; Untyped             ;
; READ_DURING_WRITE_MODE_PORT_A      ; NEW_DATA_NO_NBE_READ                            ; Untyped             ;
; READ_DURING_WRITE_MODE_PORT_B      ; NEW_DATA_NO_NBE_READ                            ; Untyped             ;
; INIT_FILE                          ; ./Selected VHDL source design files/cpu_mif.mif ; Untyped             ;
; INIT_FILE_LAYOUT                   ; PORT_A                                          ; Untyped             ;
; MAXIMUM_DEPTH                      ; 0                                               ; Signed Integer      ;
; CLOCK_ENABLE_INPUT_A               ; BYPASS                                          ; Untyped             ;
; CLOCK_ENABLE_INPUT_B               ; NORMAL                                          ; Untyped             ;
; CLOCK_ENABLE_OUTPUT_A              ; BYPASS                                          ; Untyped             ;
; CLOCK_ENABLE_OUTPUT_B              ; NORMAL                                          ; Untyped             ;
; CLOCK_ENABLE_CORE_A                ; USE_INPUT_CLKEN                                 ; Untyped             ;
; CLOCK_ENABLE_CORE_B                ; USE_INPUT_CLKEN                                 ; Untyped             ;
; ENABLE_ECC                         ; FALSE                                           ; Untyped             ;
; ECC_PIPELINE_STAGE_ENABLED         ; FALSE                                           ; Untyped             ;
; WIDTH_ECCSTATUS                    ; 3                                               ; Signed Integer      ;
; DEVICE_FAMILY                      ; Cyclone IV E                                    ; Untyped             ;
; CBXI_PARAMETER                     ; altsyncram_lav3                                 ; Untyped             ;
+------------------------------------+-------------------------------------------------+---------------------+
Note: In order to hide this table in the UI and the text report file, please set the "Show Parameter Settings in Synthesis Report" option in "Analysis and Synthesis Settings -> More Settings" to "Off".


+--------------------------------------------------------------------------------------------------------------------+
; Parameter Settings for User Entity Instance: execute:u_execute|data_memory_ip:u_dm|altsyncram:altsyncram_component ;
+------------------------------------+----------------------+--------------------------------------------------------+
; Parameter Name                     ; Value                ; Type                                                   ;
+------------------------------------+----------------------+--------------------------------------------------------+
; BYTE_SIZE_BLOCK                    ; 8                    ; Untyped                                                ;
; AUTO_CARRY_CHAINS                  ; ON                   ; AUTO_CARRY                                             ;
; IGNORE_CARRY_BUFFERS               ; OFF                  ; IGNORE_CARRY                                           ;
; AUTO_CASCADE_CHAINS                ; ON                   ; AUTO_CASCADE                                           ;
; IGNORE_CASCADE_BUFFERS             ; OFF                  ; IGNORE_CASCADE                                         ;
; WIDTH_BYTEENA                      ; 1                    ; Untyped                                                ;
; OPERATION_MODE                     ; SINGLE_PORT          ; Untyped                                                ;
; WIDTH_A                            ; 16                   ; Signed Integer                                         ;
; WIDTHAD_A                          ; 9                    ; Signed Integer                                         ;
; NUMWORDS_A                         ; 512                  ; Signed Integer                                         ;
; OUTDATA_REG_A                      ; UNREGISTERED         ; Untyped                                                ;
; ADDRESS_ACLR_A                     ; NONE                 ; Untyped                                                ;
; OUTDATA_ACLR_A                     ; NONE                 ; Untyped                                                ;
; WRCONTROL_ACLR_A                   ; NONE                 ; Untyped                                                ;
; INDATA_ACLR_A                      ; NONE                 ; Untyped                                                ;
; BYTEENA_ACLR_A                     ; NONE                 ; Untyped                                                ;
; WIDTH_B                            ; 1                    ; Signed Integer                                         ;
; WIDTHAD_B                          ; 1                    ; Signed Integer                                         ;
; NUMWORDS_B                         ; 0                    ; Signed Integer                                         ;
; INDATA_REG_B                       ; CLOCK1               ; Untyped                                                ;
; WRCONTROL_WRADDRESS_REG_B          ; CLOCK1               ; Untyped                                                ;
; RDCONTROL_REG_B                    ; CLOCK1               ; Untyped                                                ;
; ADDRESS_REG_B                      ; CLOCK1               ; Untyped                                                ;
; OUTDATA_REG_B                      ; UNREGISTERED         ; Untyped                                                ;
; BYTEENA_REG_B                      ; CLOCK1               ; Untyped                                                ;
; INDATA_ACLR_B                      ; NONE                 ; Untyped                                                ;
; WRCONTROL_ACLR_B                   ; NONE                 ; Untyped                                                ;
; ADDRESS_ACLR_B                     ; NONE                 ; Untyped                                                ;
; OUTDATA_ACLR_B                     ; NONE                 ; Untyped                                                ;
; RDCONTROL_ACLR_B                   ; NONE                 ; Untyped                                                ;
; BYTEENA_ACLR_B                     ; NONE                 ; Untyped                                                ;
; WIDTH_BYTEENA_A                    ; 1                    ; Signed Integer                                         ;
; WIDTH_BYTEENA_B                    ; 1                    ; Signed Integer                                         ;
; RAM_BLOCK_TYPE                     ; AUTO                 ; Untyped                                                ;
; BYTE_SIZE                          ; 8                    ; Signed Integer                                         ;
; READ_DURING_WRITE_MODE_MIXED_PORTS ; DONT_CARE            ; Untyped                                                ;
; READ_DURING_WRITE_MODE_PORT_A      ; OLD_DATA             ; Untyped                                                ;
; READ_DURING_WRITE_MODE_PORT_B      ; NEW_DATA_NO_NBE_READ ; Untyped                                                ;
; INIT_FILE                          ; UNUSED               ; Untyped                                                ;
; INIT_FILE_LAYOUT                   ; PORT_A               ; Untyped                                                ;
; MAXIMUM_DEPTH                      ; 0                    ; Signed Integer                                         ;
; CLOCK_ENABLE_INPUT_A               ; BYPASS               ; Untyped                                                ;
; CLOCK_ENABLE_INPUT_B               ; NORMAL               ; Untyped                                                ;
; CLOCK_ENABLE_OUTPUT_A              ; BYPASS               ; Untyped                                                ;
; CLOCK_ENABLE_OUTPUT_B              ; NORMAL               ; Untyped                                                ;
; CLOCK_ENABLE_CORE_A                ; USE_INPUT_CLKEN      ; Untyped                                                ;
; CLOCK_ENABLE_CORE_B                ; USE_INPUT_CLKEN      ; Untyped                                                ;
; ENABLE_ECC                         ; FALSE                ; Untyped                                                ;
; ECC_PIPELINE_STAGE_ENABLED         ; FALSE                ; Untyped                                                ;
; WIDTH_ECCSTATUS                    ; 3                    ; Signed Integer                                         ;
; DEVICE_FAMILY                      ; Cyclone IV E         ; Untyped                                                ;
; CBXI_PARAMETER                     ; altsyncram_lpo3      ; Untyped                                                ;
+------------------------------------+----------------------+--------------------------------------------------------+
Note: In order to hide this table in the UI and the text report file, please set the "Show Parameter Settings in Synthesis Report" option in "Analysis and Synthesis Settings -> More Settings" to "Off".


+-------------------------------------------------------------------------------------------------------------------+
; altsyncram Parameter Settings by Entity Instance                                                                  ;
+-------------------------------------------+-----------------------------------------------------------------------+
; Name                                      ; Value                                                                 ;
+-------------------------------------------+-----------------------------------------------------------------------+
; Number of entity instances                ; 2                                                                     ;
; Entity Instance                           ; instruction_memory_ip:u_im_ip|altsyncram:altsyncram_component         ;
;     -- OPERATION_MODE                     ; ROM                                                                   ;
;     -- WIDTH_A                            ; 32                                                                    ;
;     -- NUMWORDS_A                         ; 512                                                                   ;
;     -- OUTDATA_REG_A                      ; UNREGISTERED                                                          ;
;     -- WIDTH_B                            ; 1                                                                     ;
;     -- NUMWORDS_B                         ; 0                                                                     ;
;     -- ADDRESS_REG_B                      ; CLOCK1                                                                ;
;     -- OUTDATA_REG_B                      ; UNREGISTERED                                                          ;
;     -- RAM_BLOCK_TYPE                     ; AUTO                                                                  ;
;     -- READ_DURING_WRITE_MODE_MIXED_PORTS ; DONT_CARE                                                             ;
; Entity Instance                           ; execute:u_execute|data_memory_ip:u_dm|altsyncram:altsyncram_component ;
;     -- OPERATION_MODE                     ; SINGLE_PORT                                                           ;
;     -- WIDTH_A                            ; 16                                                                    ;
;     -- NUMWORDS_A                         ; 512                                                                   ;
;     -- OUTDATA_REG_A                      ; UNREGISTERED                                                          ;
;     -- WIDTH_B                            ; 1                                                                     ;
;     -- NUMWORDS_B                         ; 0                                                                     ;
;     -- ADDRESS_REG_B                      ; CLOCK1                                                                ;
;     -- OUTDATA_REG_B                      ; UNREGISTERED                                                          ;
;     -- RAM_BLOCK_TYPE                     ; AUTO                                                                  ;
;     -- READ_DURING_WRITE_MODE_MIXED_PORTS ; DONT_CARE                                                             ;
+-------------------------------------------+-----------------------------------------------------------------------+


+----------------------------------------------------------------------------------------------------------------+
; Port Connectivity Checks: "registers:u_registers"                                                              ;
+------+--------+----------+-------------------------------------------------------------------------------------+
; Port ; Type   ; Severity ; Details                                                                             ;
+------+--------+----------+-------------------------------------------------------------------------------------+
; er   ; Output ; Info     ; Connected to dangling logic. Logic that only feeds a dangling port will be removed. ;
; eot  ; Output ; Info     ; Connected to dangling logic. Logic that only feeds a dangling port will be removed. ;
; svop ; Output ; Info     ; Connected to dangling logic. Logic that only feeds a dangling port will be removed. ;
+------+--------+----------+-------------------------------------------------------------------------------------+


+---------------------------------------------------------+
; Port Connectivity Checks: "execute:u_execute|alu:u_alu" ;
+-----------+-------+----------+--------------------------+
; Port      ; Type  ; Severity ; Details                  ;
+-----------+-------+----------+--------------------------+
; alu_carry ; Input ; Info     ; Stuck at GND             ;
+-----------+-------+----------+--------------------------+


+------------------------------------------------+
; Port Connectivity Checks: "regfile:u_regfile"  ;
+--------------+-------+----------+--------------+
; Port         ; Type  ; Severity ; Details      ;
+--------------+-------+----------+--------------+
; er_temp      ; Input ; Info     ; Stuck at GND ;
; dprr_res     ; Input ; Info     ; Stuck at GND ;
; dprr_res_reg ; Input ; Info     ; Stuck at GND ;
+--------------+-------+----------+--------------+


+-----------------------------------------------------+
; Post-Synthesis Netlist Statistics for Top Partition ;
+-----------------------+-----------------------------+
; Type                  ; Count                       ;
+-----------------------+-----------------------------+
; boundary_port         ; 72                          ;
; cycloneiii_ff         ; 344                         ;
;     CLR               ; 23                          ;
;     ENA CLR           ; 305                         ;
;     ENA CLR SLD       ; 16                          ;
; cycloneiii_lcell_comb ; 707                         ;
;     arith             ; 46                          ;
;         2 data inputs ; 15                          ;
;         3 data inputs ; 31                          ;
;     normal            ; 661                         ;
;         0 data inputs ; 1                           ;
;         1 data inputs ; 5                           ;
;         2 data inputs ; 24                          ;
;         3 data inputs ; 130                         ;
;         4 data inputs ; 501                         ;
; cycloneiii_ram_block  ; 48                          ;
;                       ;                             ;
; Max LUT depth         ; 12.50                       ;
; Average LUT depth     ; 8.84                        ;
+-----------------------+-----------------------------+


+-------------------------------+
; Elapsed Time Per Partition    ;
+----------------+--------------+
; Partition Name ; Elapsed Time ;
+----------------+--------------+
; Top            ; 00:00:01     ;
+----------------+--------------+


+-------------------------------+
; Analysis & Synthesis Messages ;
+-------------------------------+
Info: *******************************************************************
Info: Running Quartus Prime Analysis & Synthesis
    Info: Version 18.1.0 Build 625 09/12/2018 SJ Lite Edition
    Info: Processing started: Sun Apr 19 18:51:04 2026
Info: Command: quartus_map --read_settings_files=on --write_settings_files=off Recop_Project -c Recop_Project
Warning (125092): Tcl Script File Selected VHDL source design files/instructin_memory_ip.qip not found
    Info (125063): set_global_assignment -name QIP_FILE "Selected VHDL source design files/instructin_memory_ip.qip"
Warning (125092): Tcl Script File instruction_memory_ip.qip not found
    Info (125063): set_global_assignment -name QIP_FILE instruction_memory_ip.qip
Warning (18236): Number of processors has not been specified which may cause overloading on shared machines.  Set the global assignment NUM_PARALLEL_PROCESSORS in your QSF to an appropriate value for best performance.
Info (20030): Parallel compilation is enabled and will use 4 of the 4 processors detected
Info (12021): Found 2 design units, including 1 entities, in source file selected vhdl source design files/instruction_memory_comb.vhd
    Info (12022): Found design unit 1: instruction_memory_comb-beh File: C:/HDL/701/recop/Selected VHDL source design files/instruction_memory_comb.vhd Line: 17
    Info (12023): Found entity 1: instruction_memory_comb File: C:/HDL/701/recop/Selected VHDL source design files/instruction_memory_comb.vhd Line: 10
Info (12021): Found 2 design units, including 1 entities, in source file selected vhdl source design files/multicycle_moore_machine.vhd
    Info (12022): Found design unit 1: multicycle_moore_machine-beh File: C:/HDL/701/recop/Selected VHDL source design files/multicycle_moore_machine.vhd Line: 56
    Info (12023): Found entity 1: multicycle_moore_machine File: C:/HDL/701/recop/Selected VHDL source design files/multicycle_moore_machine.vhd Line: 9
Info (12021): Found 1 design units, including 0 entities, in source file selected vhdl source design files/various_constants.vhd
    Info (12022): Found design unit 1: various_constants File: C:/HDL/701/recop/Selected VHDL source design files/various_constants.vhd Line: 5
Info (12021): Found 2 design units, including 1 entities, in source file selected vhdl source design files/registers.vhd
    Info (12022): Found design unit 1: registers-beh File: C:/HDL/701/recop/Selected VHDL source design files/registers.vhd Line: 48
    Info (12023): Found entity 1: registers File: C:/HDL/701/recop/Selected VHDL source design files/registers.vhd Line: 12
Info (12021): Found 2 design units, including 1 entities, in source file selected vhdl source design files/registerfile.vhd
    Info (12022): Found design unit 1: registerfile-SYN File: C:/HDL/701/recop/Selected VHDL source design files/registerfile.vhd Line: 60
    Info (12023): Found entity 1: registerfile File: C:/HDL/701/recop/Selected VHDL source design files/registerfile.vhd Line: 44
Info (12021): Found 2 design units, including 1 entities, in source file selected vhdl source design files/regfile.vhd
    Info (12022): Found design unit 1: regfile-beh File: C:/HDL/701/recop/Selected VHDL source design files/regfile.vhd Line: 41
    Info (12023): Found entity 1: regfile File: C:/HDL/701/recop/Selected VHDL source design files/regfile.vhd Line: 11
Info (12021): Found 1 design units, including 0 entities, in source file selected vhdl source design files/recop_types.vhd
    Info (12022): Found design unit 1: recop_types File: C:/HDL/701/recop/Selected VHDL source design files/recop_types.vhd Line: 5
Info (12021): Found 2 design units, including 1 entities, in source file selected vhdl source design files/recop_top.vhd
    Info (12022): Found design unit 1: recop_top-beh File: C:/HDL/701/recop/Selected VHDL source design files/recop_top.vhd Line: 23
    Info (12023): Found entity 1: recop_top File: C:/HDL/701/recop/Selected VHDL source design files/recop_top.vhd Line: 8
Info (12021): Found 2 design units, including 1 entities, in source file selected vhdl source design files/recop_pll.vhd
    Info (12022): Found design unit 1: recop_pll-SYN File: C:/HDL/701/recop/Selected VHDL source design files/recop_pll.vhd Line: 52
    Info (12023): Found entity 1: recop_pll File: C:/HDL/701/recop/Selected VHDL source design files/recop_pll.vhd Line: 43
Info (12021): Found 2 design units, including 1 entities, in source file selected vhdl source design files/program_counter.vhd
    Info (12022): Found design unit 1: program_counter-beh File: C:/HDL/701/recop/Selected VHDL source design files/program_counter.vhd Line: 20
    Info (12023): Found entity 1: program_counter File: C:/HDL/701/recop/Selected VHDL source design files/program_counter.vhd Line: 8
Info (12021): Found 2 design units, including 1 entities, in source file selected vhdl source design files/prog_mem.vhd
    Info (12022): Found design unit 1: prog_mem-SYN File: C:/HDL/701/recop/Selected VHDL source design files/prog_mem.vhd Line: 53
    Info (12023): Found entity 1: prog_mem File: C:/HDL/701/recop/Selected VHDL source design files/prog_mem.vhd Line: 43
Info (12021): Found 2 design units, including 1 entities, in source file selected vhdl source design files/pll.vhd
    Info (12022): Found design unit 1: pll-SYN File: C:/HDL/701/recop/Selected VHDL source design files/pll.vhd Line: 52
    Info (12023): Found entity 1: pll File: C:/HDL/701/recop/Selected VHDL source design files/pll.vhd Line: 42
Info (12021): Found 1 design units, including 0 entities, in source file selected vhdl source design files/opcodes.vhd
    Info (12022): Found design unit 1: opcodes File: C:/HDL/701/recop/Selected VHDL source design files/opcodes.vhd Line: 7
Info (12021): Found 2 design units, including 1 entities, in source file selected vhdl source design files/memory_model.vhd
    Info (12022): Found design unit 1: memory-beh File: C:/HDL/701/recop/Selected VHDL source design files/memory_model.vhd Line: 27
    Info (12023): Found entity 1: memory File: C:/HDL/701/recop/Selected VHDL source design files/memory_model.vhd Line: 10
Info (12021): Found 2 design units, including 1 entities, in source file selected vhdl source design files/memory_arbiter.vhd
    Info (12022): Found design unit 1: memory_arbiter-behaviour File: C:/HDL/701/recop/Selected VHDL source design files/memory_arbiter.vhd Line: 35
    Info (12023): Found entity 1: memory_arbiter File: C:/HDL/701/recop/Selected VHDL source design files/memory_arbiter.vhd Line: 11
Warning (12019): Can't analyze file -- file Selected VHDL source design files/instructin_memory_ip.vhd is missing
Info (12021): Found 2 design units, including 1 entities, in source file selected vhdl source design files/fetch.vhd
    Info (12022): Found design unit 1: Fetch-beh File: C:/HDL/701/recop/Selected VHDL source design files/fetch.vhd Line: 23
    Info (12023): Found entity 1: Fetch File: C:/HDL/701/recop/Selected VHDL source design files/fetch.vhd Line: 9
Info (12021): Found 2 design units, including 1 entities, in source file selected vhdl source design files/execute.vhd
    Info (12022): Found design unit 1: execute-beh File: C:/HDL/701/recop/Selected VHDL source design files/execute.vhd Line: 31
    Info (12023): Found entity 1: execute File: C:/HDL/701/recop/Selected VHDL source design files/execute.vhd Line: 8
Info (12021): Found 2 design units, including 1 entities, in source file selected vhdl source design files/decode.vhd
    Info (12022): Found design unit 1: DecodeandWriteback-beh File: C:/HDL/701/recop/Selected VHDL source design files/decode.vhd Line: 61
    Info (12023): Found entity 1: DecodeandWriteback File: C:/HDL/701/recop/Selected VHDL source design files/decode.vhd Line: 8
Info (12021): Found 2 design units, including 1 entities, in source file selected vhdl source design files/data_memory_ip.vhd
    Info (12022): Found design unit 1: data_memory_ip-SYN File: C:/HDL/701/recop/Selected VHDL source design files/data_memory_ip.vhd Line: 54
    Info (12023): Found entity 1: data_memory_ip File: C:/HDL/701/recop/Selected VHDL source design files/data_memory_ip.vhd Line: 42
Info (12021): Found 2 design units, including 1 entities, in source file selected vhdl source design files/data_mem.vhd
    Info (12022): Found design unit 1: data_mem-SYN File: C:/HDL/701/recop/Selected VHDL source design files/data_mem.vhd Line: 55
    Info (12023): Found entity 1: data_mem File: C:/HDL/701/recop/Selected VHDL source design files/data_mem.vhd Line: 43
Info (12021): Found 2 design units, including 1 entities, in source file selected vhdl source design files/control_signal_generator.vhd
    Info (12022): Found design unit 1: control_signal_generator-beh File: C:/HDL/701/recop/Selected VHDL source design files/control_signal_generator.vhd Line: 50
    Info (12023): Found entity 1: control_signal_generator File: C:/HDL/701/recop/Selected VHDL source design files/control_signal_generator.vhd Line: 9
Info (12021): Found 2 design units, including 1 entities, in source file selected vhdl source design files/alu.vhd
    Info (12022): Found design unit 1: alu-combined File: C:/HDL/701/recop/Selected VHDL source design files/ALU.vhd Line: 34
    Info (12023): Found entity 1: alu File: C:/HDL/701/recop/Selected VHDL source design files/ALU.vhd Line: 13
Info (12021): Found 2 design units, including 1 entities, in source file selected vhdl source design files/instruction_memory_ip.vhd
    Info (12022): Found design unit 1: instruction_memory_ip-SYN File: C:/HDL/701/recop/Selected VHDL source design files/instruction_memory_ip.vhd Line: 52
    Info (12023): Found entity 1: instruction_memory_ip File: C:/HDL/701/recop/Selected VHDL source design files/instruction_memory_ip.vhd Line: 42
Info (12127): Elaborating entity "recop_top" for the top level hierarchy
Warning (10036): Verilog HDL or VHDL warning at recop_top.vhd(75): object "er" assigned a value but never read File: C:/HDL/701/recop/Selected VHDL source design files/recop_top.vhd Line: 75
Warning (10036): Verilog HDL or VHDL warning at recop_top.vhd(76): object "eot" assigned a value but never read File: C:/HDL/701/recop/Selected VHDL source design files/recop_top.vhd Line: 76
Warning (10036): Verilog HDL or VHDL warning at recop_top.vhd(77): object "svop" assigned a value but never read File: C:/HDL/701/recop/Selected VHDL source design files/recop_top.vhd Line: 77
Info (12128): Elaborating entity "multicycle_moore_machine" for hierarchy "multicycle_moore_machine:u_cu" File: C:/HDL/701/recop/Selected VHDL source design files/recop_top.vhd Line: 87
Warning (10492): VHDL Process Statement warning at multicycle_moore_machine.vhd(244): signal "reset" is read inside the Process Statement but isn't in the Process Statement's sensitivity list File: C:/HDL/701/recop/Selected VHDL source design files/multicycle_moore_machine.vhd Line: 244
Warning (10492): VHDL Process Statement warning at multicycle_moore_machine.vhd(247): signal "init" is read inside the Process Statement but isn't in the Process Statement's sensitivity list File: C:/HDL/701/recop/Selected VHDL source design files/multicycle_moore_machine.vhd Line: 247
Info (12128): Elaborating entity "program_counter" for hierarchy "program_counter:u_pc" File: C:/HDL/701/recop/Selected VHDL source design files/recop_top.vhd Line: 144
Warning (10492): VHDL Process Statement warning at program_counter.vhd(27): signal "init" is read inside the Process Statement but isn't in the Process Statement's sensitivity list File: C:/HDL/701/recop/Selected VHDL source design files/program_counter.vhd Line: 27
Info (12128): Elaborating entity "instruction_memory_ip" for hierarchy "instruction_memory_ip:u_im_ip" File: C:/HDL/701/recop/Selected VHDL source design files/recop_top.vhd Line: 155
Info (12128): Elaborating entity "altsyncram" for hierarchy "instruction_memory_ip:u_im_ip|altsyncram:altsyncram_component" File: C:/HDL/701/recop/Selected VHDL source design files/instruction_memory_ip.vhd Line: 59
Info (12130): Elaborated megafunction instantiation "instruction_memory_ip:u_im_ip|altsyncram:altsyncram_component" File: C:/HDL/701/recop/Selected VHDL source design files/instruction_memory_ip.vhd Line: 59
Info (12133): Instantiated megafunction "instruction_memory_ip:u_im_ip|altsyncram:altsyncram_component" with the following parameter: File: C:/HDL/701/recop/Selected VHDL source design files/instruction_memory_ip.vhd Line: 59
    Info (12134): Parameter "address_aclr_a" = "NONE"
    Info (12134): Parameter "address_aclr_b" = "NONE"
    Info (12134): Parameter "address_reg_b" = "CLOCK1"
    Info (12134): Parameter "byte_size" = "8"
    Info (12134): Parameter "byteena_aclr_a" = "UNUSED"
    Info (12134): Parameter "byteena_aclr_b" = "NONE"
    Info (12134): Parameter "byteena_reg_b" = "CLOCK1"
    Info (12134): Parameter "clock_enable_core_a" = "USE_INPUT_CLKEN"
    Info (12134): Parameter "clock_enable_core_b" = "USE_INPUT_CLKEN"
    Info (12134): Parameter "clock_enable_input_a" = "BYPASS"
    Info (12134): Parameter "clock_enable_input_b" = "NORMAL"
    Info (12134): Parameter "clock_enable_output_a" = "BYPASS"
    Info (12134): Parameter "clock_enable_output_b" = "NORMAL"
    Info (12134): Parameter "intended_device_family" = "Cyclone IV E"
    Info (12134): Parameter "ecc_pipeline_stage_enabled" = "FALSE"
    Info (12134): Parameter "enable_ecc" = "FALSE"
    Info (12134): Parameter "implement_in_les" = "OFF"
    Info (12134): Parameter "indata_aclr_a" = "UNUSED"
    Info (12134): Parameter "indata_aclr_b" = "NONE"
    Info (12134): Parameter "indata_reg_b" = "CLOCK1"
    Info (12134): Parameter "init_file" = "./Selected VHDL source design files/cpu_mif.mif"
    Info (12134): Parameter "init_file_layout" = "PORT_A"
    Info (12134): Parameter "maximum_depth" = "0"
    Info (12134): Parameter "numwords_a" = "512"
    Info (12134): Parameter "numwords_b" = "0"
    Info (12134): Parameter "operation_mode" = "ROM"
    Info (12134): Parameter "outdata_aclr_a" = "NONE"
    Info (12134): Parameter "outdata_aclr_b" = "NONE"
    Info (12134): Parameter "outdata_reg_a" = "UNREGISTERED"
    Info (12134): Parameter "outdata_reg_b" = "UNREGISTERED"
    Info (12134): Parameter "power_up_uninitialized" = "FALSE"
    Info (12134): Parameter "ram_block_type" = "AUTO"
    Info (12134): Parameter "rdcontrol_aclr_b" = "NONE"
    Info (12134): Parameter "rdcontrol_reg_b" = "CLOCK1"
    Info (12134): Parameter "read_during_write_mode_mixed_ports" = "DONT_CARE"
    Info (12134): Parameter "read_during_write_mode_port_a" = "NEW_DATA_NO_NBE_READ"
    Info (12134): Parameter "read_during_write_mode_port_b" = "NEW_DATA_NO_NBE_READ"
    Info (12134): Parameter "stratixiv_m144k_allow_dual_clocks" = "ON"
    Info (12134): Parameter "width_a" = "32"
    Info (12134): Parameter "width_b" = "1"
    Info (12134): Parameter "width_byteena_a" = "1"
    Info (12134): Parameter "width_byteena_b" = "1"
    Info (12134): Parameter "width_eccstatus" = "3"
    Info (12134): Parameter "widthad_a" = "9"
    Info (12134): Parameter "widthad_b" = "1"
    Info (12134): Parameter "wrcontrol_aclr_a" = "UNUSED"
    Info (12134): Parameter "wrcontrol_aclr_b" = "NONE"
    Info (12134): Parameter "wrcontrol_wraddress_reg_b" = "CLOCK1"
    Info (12134): Parameter "lpm_hint" = "ENABLE_RUNTIME_MOD=NO"
    Info (12134): Parameter "lpm_type" = "altsyncram"
Info (12021): Found 1 design units, including 1 entities, in source file db/altsyncram_lav3.tdf
    Info (12023): Found entity 1: altsyncram_lav3 File: C:/HDL/701/recop/db/altsyncram_lav3.tdf Line: 27
Info (12128): Elaborating entity "altsyncram_lav3" for hierarchy "instruction_memory_ip:u_im_ip|altsyncram:altsyncram_component|altsyncram_lav3:auto_generated" File: c:/hdl/quartu18.1/quartus/libraries/megafunctions/altsyncram.tdf Line: 791
Info (12128): Elaborating entity "regfile" for hierarchy "regfile:u_regfile" File: C:/HDL/701/recop/Selected VHDL source design files/recop_top.vhd Line: 174
Info (12128): Elaborating entity "execute" for hierarchy "execute:u_execute" File: C:/HDL/701/recop/Selected VHDL source design files/recop_top.vhd Line: 200
Info (12128): Elaborating entity "alu" for hierarchy "execute:u_execute|alu:u_alu" File: C:/HDL/701/recop/Selected VHDL source design files/execute.vhd Line: 39
Warning (10492): VHDL Process Statement warning at ALU.vhd(88): signal "reset" is read inside the Process Statement but isn't in the Process Statement's sensitivity list File: C:/HDL/701/recop/Selected VHDL source design files/ALU.vhd Line: 88
Info (12128): Elaborating entity "data_memory_ip" for hierarchy "execute:u_execute|data_memory_ip:u_dm" File: C:/HDL/701/recop/Selected VHDL source design files/execute.vhd Line: 61
Info (12128): Elaborating entity "altsyncram" for hierarchy "execute:u_execute|data_memory_ip:u_dm|altsyncram:altsyncram_component" File: C:/HDL/701/recop/Selected VHDL source design files/data_memory_ip.vhd Line: 61
Info (12130): Elaborated megafunction instantiation "execute:u_execute|data_memory_ip:u_dm|altsyncram:altsyncram_component" File: C:/HDL/701/recop/Selected VHDL source design files/data_memory_ip.vhd Line: 61
Info (12133): Instantiated megafunction "execute:u_execute|data_memory_ip:u_dm|altsyncram:altsyncram_component" with the following parameter: File: C:/HDL/701/recop/Selected VHDL source design files/data_memory_ip.vhd Line: 61
    Info (12134): Parameter "address_aclr_a" = "UNUSED"
    Info (12134): Parameter "address_aclr_b" = "NONE"
    Info (12134): Parameter "address_reg_b" = "CLOCK1"
    Info (12134): Parameter "byte_size" = "8"
    Info (12134): Parameter "byteena_aclr_a" = "UNUSED"
    Info (12134): Parameter "byteena_aclr_b" = "NONE"
    Info (12134): Parameter "byteena_reg_b" = "CLOCK1"
    Info (12134): Parameter "clock_enable_core_a" = "USE_INPUT_CLKEN"
    Info (12134): Parameter "clock_enable_core_b" = "USE_INPUT_CLKEN"
    Info (12134): Parameter "clock_enable_input_a" = "BYPASS"
    Info (12134): Parameter "clock_enable_input_b" = "NORMAL"
    Info (12134): Parameter "clock_enable_output_a" = "BYPASS"
    Info (12134): Parameter "clock_enable_output_b" = "NORMAL"
    Info (12134): Parameter "intended_device_family" = "Cyclone IV E"
    Info (12134): Parameter "ecc_pipeline_stage_enabled" = "FALSE"
    Info (12134): Parameter "enable_ecc" = "FALSE"
    Info (12134): Parameter "implement_in_les" = "OFF"
    Info (12134): Parameter "indata_aclr_a" = "UNUSED"
    Info (12134): Parameter "indata_aclr_b" = "NONE"
    Info (12134): Parameter "indata_reg_b" = "CLOCK1"
    Info (12134): Parameter "init_file" = "UNUSED"
    Info (12134): Parameter "init_file_layout" = "PORT_A"
    Info (12134): Parameter "maximum_depth" = "0"
    Info (12134): Parameter "numwords_a" = "512"
    Info (12134): Parameter "numwords_b" = "0"
    Info (12134): Parameter "operation_mode" = "SINGLE_PORT"
    Info (12134): Parameter "outdata_aclr_a" = "NONE"
    Info (12134): Parameter "outdata_aclr_b" = "NONE"
    Info (12134): Parameter "outdata_reg_a" = "UNREGISTERED"
    Info (12134): Parameter "outdata_reg_b" = "UNREGISTERED"
    Info (12134): Parameter "power_up_uninitialized" = "FALSE"
    Info (12134): Parameter "ram_block_type" = "AUTO"
    Info (12134): Parameter "rdcontrol_aclr_b" = "NONE"
    Info (12134): Parameter "rdcontrol_reg_b" = "CLOCK1"
    Info (12134): Parameter "read_during_write_mode_mixed_ports" = "DONT_CARE"
    Info (12134): Parameter "read_during_write_mode_port_a" = "OLD_DATA"
    Info (12134): Parameter "read_during_write_mode_port_b" = "NEW_DATA_NO_NBE_READ"
    Info (12134): Parameter "stratixiv_m144k_allow_dual_clocks" = "ON"
    Info (12134): Parameter "width_a" = "16"
    Info (12134): Parameter "width_b" = "1"
    Info (12134): Parameter "width_byteena_a" = "1"
    Info (12134): Parameter "width_byteena_b" = "1"
    Info (12134): Parameter "width_eccstatus" = "3"
    Info (12134): Parameter "widthad_a" = "9"
    Info (12134): Parameter "widthad_b" = "1"
    Info (12134): Parameter "wrcontrol_aclr_a" = "UNUSED"
    Info (12134): Parameter "wrcontrol_aclr_b" = "NONE"
    Info (12134): Parameter "wrcontrol_wraddress_reg_b" = "CLOCK1"
    Info (12134): Parameter "lpm_hint" = "ENABLE_RUNTIME_MOD=NO"
    Info (12134): Parameter "lpm_type" = "altsyncram"
Info (12021): Found 1 design units, including 1 entities, in source file db/altsyncram_lpo3.tdf
    Info (12023): Found entity 1: altsyncram_lpo3 File: C:/HDL/701/recop/db/altsyncram_lpo3.tdf Line: 27
Info (12128): Elaborating entity "altsyncram_lpo3" for hierarchy "execute:u_execute|data_memory_ip:u_dm|altsyncram:altsyncram_component|altsyncram_lpo3:auto_generated" File: c:/hdl/quartu18.1/quartus/libraries/megafunctions/altsyncram.tdf Line: 791
Info (12128): Elaborating entity "registers" for hierarchy "registers:u_registers" File: C:/HDL/701/recop/Selected VHDL source design files/recop_top.vhd Line: 225
Info (13000): Registers with preset signals will power-up high File: C:/HDL/701/recop/Selected VHDL source design files/registers.vhd Line: 152
Info (13003): DEV_CLRn pin will set, and not reset, register with preset signal due to NOT Gate Push-Back
Warning (13024): Output pins are stuck at VCC or GND
    Warning (13410): Pin "dprr[0]" is stuck at GND File: C:/HDL/701/recop/Selected VHDL source design files/recop_top.vhd Line: 17
Info (286030): Timing-Driven Synthesis is running
Info (16010): Generating hard_block partition "hard_block:auto_generated_inst"
    Info (16011): Adding 0 node(s), including 0 DDIO, 0 PLL, 0 transceiver and 0 LCELL
Info (21057): Implemented 1128 device resources after synthesis - the final resource count might be different
    Info (21058): Implemented 19 input pins
    Info (21059): Implemented 53 output pins
    Info (21061): Implemented 1008 logic cells
    Info (21064): Implemented 48 RAM segments
Info: Quartus Prime Analysis & Synthesis was successful. 0 errors, 13 warnings
    Info: Peak virtual memory: 4826 megabytes
    Info: Processing ended: Sun Apr 19 18:51:13 2026
    Info: Elapsed time: 00:00:09
    Info: Total CPU time (on all processors): 00:00:17


