Assembler report for Recop_Project
Sat Apr 18 16:46:10 2026
Quartus Prime Version 18.1.0 Build 625 09/12/2018 SJ Lite Edition


---------------------
; Table of Contents ;
---------------------
  1. Legal Notice
  2. Assembler Summary
  3. Assembler Settings
  4. Assembler Generated Files
  5. Assembler Device Options: C:/HDL/701/recop/output_files/Recop_Project.sof
  6. Assembler Messages



----------------
; Legal Notice ;
----------------
Copyright (C) 2018  Intel Corporation. All rights reserved.
Your use of Intel Corporation's design tools, logic functions 
and other software and tools, and its AMPP partner logic 
functions, and any output files from any of the foregoing 
(including device programming or simulation files), and any 
associated documentation or information are expressly subject 
to the terms and conditions of the Intel Program License 
Subscription Agreement, the Intel Quartus Prime License Agreement,
the Intel FPGA IP License Agreement, or other applicable license
agreement, including, without limitation, that your use is for
the sole purpose of programming logic devices manufactured by
Intel and sold by Intel or its authorized distributors.  Please
refer to the applicable agreement for further details.



+---------------------------------------------------------------+
; Assembler Summary                                             ;
+-----------------------+---------------------------------------+
; Assembler Status      ; Successful - Sat Apr 18 16:46:10 2026 ;
; Revision Name         ; Recop_Project                         ;
; Top-level Entity Name ; recop_top                             ;
; Family                ; Cyclone IV E                          ;
; Device                ; EP4CE115F29C7                         ;
+-----------------------+---------------------------------------+


+----------------------------------+
; Assembler Settings               ;
+--------+---------+---------------+
; Option ; Setting ; Default Value ;
+--------+---------+---------------+


+-------------------------------------------------+
; Assembler Generated Files                       ;
+-------------------------------------------------+
; File Name                                       ;
+-------------------------------------------------+
; C:/HDL/701/recop/output_files/Recop_Project.sof ;
+-------------------------------------------------+


+---------------------------------------------------------------------------+
; Assembler Device Options: C:/HDL/701/recop/output_files/Recop_Project.sof ;
+----------------+----------------------------------------------------------+
; Option         ; Setting                                                  ;
+----------------+----------------------------------------------------------+
; JTAG usercode  ; 0x005696EA                                               ;
; Checksum       ; 0x005696EA                                               ;
+----------------+----------------------------------------------------------+


+--------------------+
; Assembler Messages ;
+--------------------+
Info: *******************************************************************
Info: Running Quartus Prime Assembler
    Info: Version 18.1.0 Build 625 09/12/2018 SJ Lite Edition
    Info: Processing started: Sat Apr 18 16:46:08 2026
Info: Command: quartus_asm --read_settings_files=off --write_settings_files=off Recop_Project -c Recop_Project
Warning (125092): Tcl Script File Selected VHDL source design files/instructin_memory_ip.qip not found
    Info (125063): set_global_assignment -name QIP_FILE "Selected VHDL source design files/instructin_memory_ip.qip"
Warning (18236): Number of processors has not been specified which may cause overloading on shared machines.  Set the global assignment NUM_PARALLEL_PROCESSORS in your QSF to an appropriate value for best performance.
Info (115031): Writing out detailed assembly data for power analysis
Info (115030): Assembler is generating device programming files
Info: Quartus Prime Assembler was successful. 0 errors, 2 warnings
    Info: Peak virtual memory: 4693 megabytes
    Info: Processing ended: Sat Apr 18 16:46:10 2026
    Info: Elapsed time: 00:00:02
    Info: Total CPU time (on all processors): 00:00:02


