Assembler report for 701_A1
Tue Apr 21 18:47:20 2026
Quartus Prime Version 18.1.0 Build 625 09/12/2018 SJ Lite Edition


---------------------
; Table of Contents ;
---------------------
  1. Legal Notice
  2. Assembler Summary
  3. Assembler Settings
  4. Assembler Generated Files
  5. Assembler Device Options: C:/HDL/701/recop/Quartus/output_files/701_A1.sof
  6. Assembler Messages



----------------
; Legal Notice ;
----------------
Copyright (C) 2018  Intel Corporation. All rights reserved.
Your use of Intel Corporation's design tools, logic functions 
and other software and tools, and its AMPP partner logic 
functions, and any output files from any of the foregoing 
(including device programming or simulation files), and any 
associated documentation or information are expressly subject 
to the terms and conditions of the Intel Program License 
Subscription Agreement, the Intel Quartus Prime License Agreement,
the Intel FPGA IP License Agreement, or other applicable license
agreement, including, without limitation, that your use is for
the sole purpose of programming logic devices manufactured by
Intel and sold by Intel or its authorized distributors.  Please
refer to the applicable agreement for further details.



+---------------------------------------------------------------+
; Assembler Summary                                             ;
+-----------------------+---------------------------------------+
; Assembler Status      ; Successful - Tue Apr 21 18:47:20 2026 ;
; Revision Name         ; 701_A1                                ;
; Top-level Entity Name ; recop_de1_soc_test                    ;
; Family                ; Cyclone V                             ;
; Device                ; 5CSEMA5F31C6                          ;
+-----------------------+---------------------------------------+


+----------------------------------+
; Assembler Settings               ;
+--------+---------+---------------+
; Option ; Setting ; Default Value ;
+--------+---------+---------------+


+--------------------------------------------------+
; Assembler Generated Files                        ;
+--------------------------------------------------+
; File Name                                        ;
+--------------------------------------------------+
; C:/HDL/701/recop/Quartus/output_files/701_A1.sof ;
+--------------------------------------------------+


+----------------------------------------------------------------------------+
; Assembler Device Options: C:/HDL/701/recop/Quartus/output_files/701_A1.sof ;
+----------------+-----------------------------------------------------------+
; Option         ; Setting                                                   ;
+----------------+-----------------------------------------------------------+
; JTAG usercode  ; 0x00CC55AE                                                ;
; Checksum       ; 0x00CC55AE                                                ;
+----------------+-----------------------------------------------------------+


+--------------------+
; Assembler Messages ;
+--------------------+
Info: *******************************************************************
Info: Running Quartus Prime Assembler
    Info: Version 18.1.0 Build 625 09/12/2018 SJ Lite Edition
    Info: Processing started: Tue Apr 21 18:47:15 2026
Info: Command: quartus_asm --read_settings_files=off --write_settings_files=off 701_A1 -c 701_A1
Warning (125092): Tcl Script File data_memory_ip.qip not found
    Info (125063): set_global_assignment -name QIP_FILE data_memory_ip.qip
Warning (125092): Tcl Script File instruction_memory_ip.qip not found
    Info (125063): set_global_assignment -name QIP_FILE instruction_memory_ip.qip
Warning (18236): Number of processors has not been specified which may cause overloading on shared machines.  Set the global assignment NUM_PARALLEL_PROCESSORS in your QSF to an appropriate value for best performance.
Info (115030): Assembler is generating device programming files
Info: Quartus Prime Assembler was successful. 0 errors, 3 warnings
    Info: Peak virtual memory: 4850 megabytes
    Info: Processing ended: Tue Apr 21 18:47:20 2026
    Info: Elapsed time: 00:00:05
    Info: Total CPU time (on all processors): 00:00:05


