Analysis & Synthesis report for 701_A1
Tue Apr 21 18:46:36 2026
Quartus Prime Version 18.1.0 Build 625 09/12/2018 SJ Lite Edition


---------------------
; Table of Contents ;
---------------------
  1. Legal Notice
  2. Analysis & Synthesis Summary
  3. Analysis & Synthesis Settings
  4. Parallel Compilation
  5. Analysis & Synthesis Source Files Read
  6. Analysis & Synthesis Resource Usage Summary
  7. Analysis & Synthesis Resource Utilization by Entity
  8. Analysis & Synthesis RAM Summary
  9. Analysis & Synthesis IP Cores Summary
 10. State Machine - |recop_de1_soc_test|recop_top_v1:u_recop|multicycle_moore_machine:u_cu|state
 11. Registers Removed During Synthesis
 12. General Register Statistics
 13. Multiplexer Restructuring Statistics (Restructuring Performed)
 14. Source assignments for recop_top_v1:u_recop|instruction_memory_ip:u_im_ip|altsyncram:altsyncram_component|altsyncram_4824:auto_generated
 15. Source assignments for recop_top_v1:u_recop|execute:u_execute|data_memory_ip:u_dm|altsyncram:altsyncram_component|altsyncram_s3v3:auto_generated
 16. Parameter Settings for User Entity Instance: recop_top_v1:u_recop|instruction_memory_ip:u_im_ip|altsyncram:altsyncram_component
 17. Parameter Settings for User Entity Instance: recop_top_v1:u_recop|execute:u_execute|data_memory_ip:u_dm|altsyncram:altsyncram_component
 18. altsyncram Parameter Settings by Entity Instance
 19. Port Connectivity Checks: "recop_top_v1:u_recop|registers:u_registers"
 20. Port Connectivity Checks: "recop_top_v1:u_recop|execute:u_execute|alu:u_alu"
 21. Port Connectivity Checks: "recop_top_v1:u_recop|regfile:u_regfile"
 22. Port Connectivity Checks: "recop_top_v1:u_recop"
 23. Post-Synthesis Netlist Statistics for Top Partition
 24. Elapsed Time Per Partition
 25. Analysis & Synthesis Messages



----------------
; Legal Notice ;
----------------
Copyright (C) 2018  Intel Corporation. All rights reserved.
Your use of Intel Corporation's design tools, logic functions 
and other software and tools, and its AMPP partner logic 
functions, and any output files from any of the foregoing 
(including device programming or simulation files), and any 
associated documentation or information are expressly subject 
to the terms and conditions of the Intel Program License 
Subscription Agreement, the Intel Quartus Prime License Agreement,
the Intel FPGA IP License Agreement, or other applicable license
agreement, including, without limitation, that your use is for
the sole purpose of programming logic devices manufactured by
Intel and sold by Intel or its authorized distributors.  Please
refer to the applicable agreement for further details.



+-------------------------------------------------------------------------------+
; Analysis & Synthesis Summary                                                  ;
+---------------------------------+---------------------------------------------+
; Analysis & Synthesis Status     ; Successful - Tue Apr 21 18:46:36 2026       ;
; Quartus Prime Version           ; 18.1.0 Build 625 09/12/2018 SJ Lite Edition ;
; Revision Name                   ; 701_A1                                      ;
; Top-level Entity Name           ; recop_de1_soc_test                          ;
; Family                          ; Cyclone V                                   ;
; Logic utilization (in ALMs)     ; N/A                                         ;
; Total registers                 ; 315                                         ;
; Total pins                      ; 67                                          ;
; Total virtual pins              ; 0                                           ;
; Total block memory bits         ; 24,576                                      ;
; Total DSP Blocks                ; 0                                           ;
; Total HSSI RX PCSs              ; 0                                           ;
; Total HSSI PMA RX Deserializers ; 0                                           ;
; Total HSSI TX PCSs              ; 0                                           ;
; Total HSSI PMA TX Serializers   ; 0                                           ;
; Total PLLs                      ; 0                                           ;
; Total DLLs                      ; 0                                           ;
+---------------------------------+---------------------------------------------+


+---------------------------------------------------------------------------------------------------------------------------+
; Analysis & Synthesis Settings                                                                                             ;
+---------------------------------------------------------------------------------+--------------------+--------------------+
; Option                                                                          ; Setting            ; Default Value      ;
+---------------------------------------------------------------------------------+--------------------+--------------------+
; Device                                                                          ; 5CSEMA5F31C6       ;                    ;
; Top-level entity name                                                           ; recop_de1_soc_test ; 701_A1             ;
; Family name                                                                     ; Cyclone V          ; Cyclone V          ;
; Use smart compilation                                                           ; Off                ; Off                ;
; Enable parallel Assembler and Timing Analyzer during compilation                ; On                 ; On                 ;
; Enable compact report table                                                     ; Off                ; Off                ;
; Restructure Multiplexers                                                        ; Auto               ; Auto               ;
; MLAB Add Timing Constraints For Mixed-Port Feed-Through Mode Setting Don't Care ; Off                ; Off                ;
; Create Debugging Nodes for IP Cores                                             ; Off                ; Off                ;
; Preserve fewer node names                                                       ; On                 ; On                 ;
; Intel FPGA IP Evaluation Mode                                                   ; Enable             ; Enable             ;
; Verilog Version                                                                 ; Verilog_2001       ; Verilog_2001       ;
; VHDL Version                                                                    ; VHDL_1993          ; VHDL_1993          ;
; State Machine Processing                                                        ; Auto               ; Auto               ;
; Safe State Machine                                                              ; Off                ; Off                ;
; Extract Verilog State Machines                                                  ; On                 ; On                 ;
; Extract VHDL State Machines                                                     ; On                 ; On                 ;
; Ignore Verilog initial constructs                                               ; Off                ; Off                ;
; Iteration limit for constant Verilog loops                                      ; 5000               ; 5000               ;
; Iteration limit for non-constant Verilog loops                                  ; 250                ; 250                ;
; Add Pass-Through Logic to Inferred RAMs                                         ; On                 ; On                 ;
; Infer RAMs from Raw Logic                                                       ; On                 ; On                 ;
; Parallel Synthesis                                                              ; On                 ; On                 ;
; DSP Block Balancing                                                             ; Auto               ; Auto               ;
; NOT Gate Push-Back                                                              ; On                 ; On                 ;
; Power-Up Don't Care                                                             ; On                 ; On                 ;
; Remove Redundant Logic Cells                                                    ; Off                ; Off                ;
; Remove Duplicate Registers                                                      ; On                 ; On                 ;
; Ignore CARRY Buffers                                                            ; Off                ; Off                ;
; Ignore CASCADE Buffers                                                          ; Off                ; Off                ;
; Ignore GLOBAL Buffers                                                           ; Off                ; Off                ;
; Ignore ROW GLOBAL Buffers                                                       ; Off                ; Off                ;
; Ignore LCELL Buffers                                                            ; Off                ; Off                ;
; Ignore SOFT Buffers                                                             ; On                 ; On                 ;
; Limit AHDL Integers to 32 Bits                                                  ; Off                ; Off                ;
; Optimization Technique                                                          ; Balanced           ; Balanced           ;
; Carry Chain Length                                                              ; 70                 ; 70                 ;
; Auto Carry Chains                                                               ; On                 ; On                 ;
; Auto Open-Drain Pins                                                            ; On                 ; On                 ;
; Perform WYSIWYG Primitive Resynthesis                                           ; Off                ; Off                ;
; Auto ROM Replacement                                                            ; On                 ; On                 ;
; Auto RAM Replacement                                                            ; On                 ; On                 ;
; Auto DSP Block Replacement                                                      ; On                 ; On                 ;
; Auto Shift Register Replacement                                                 ; Auto               ; Auto               ;
; Allow Shift Register Merging across Hierarchies                                 ; Auto               ; Auto               ;
; Auto Clock Enable Replacement                                                   ; On                 ; On                 ;
; Strict RAM Replacement                                                          ; Off                ; Off                ;
; Allow Synchronous Control Signals                                               ; On                 ; On                 ;
; Force Use of Synchronous Clear Signals                                          ; Off                ; Off                ;
; Auto Resource Sharing                                                           ; Off                ; Off                ;
; Allow Any RAM Size For Recognition                                              ; Off                ; Off                ;
; Allow Any ROM Size For Recognition                                              ; Off                ; Off                ;
; Allow Any Shift Register Size For Recognition                                   ; Off                ; Off                ;
; Use LogicLock Constraints during Resource Balancing                             ; On                 ; On                 ;
; Ignore translate_off and synthesis_off directives                               ; Off                ; Off                ;
; Timing-Driven Synthesis                                                         ; On                 ; On                 ;
; Report Parameter Settings                                                       ; On                 ; On                 ;
; Report Source Assignments                                                       ; On                 ; On                 ;
; Report Connectivity Checks                                                      ; On                 ; On                 ;
; Ignore Maximum Fan-Out Assignments                                              ; Off                ; Off                ;
; Synchronization Register Chain Length                                           ; 3                  ; 3                  ;
; Power Optimization During Synthesis                                             ; Normal compilation ; Normal compilation ;
; HDL message level                                                               ; Level2             ; Level2             ;
; Suppress Register Optimization Related Messages                                 ; Off                ; Off                ;
; Number of Removed Registers Reported in Synthesis Report                        ; 5000               ; 5000               ;
; Number of Swept Nodes Reported in Synthesis Report                              ; 5000               ; 5000               ;
; Number of Inverted Registers Reported in Synthesis Report                       ; 100                ; 100                ;
; Clock MUX Protection                                                            ; On                 ; On                 ;
; Auto Gated Clock Conversion                                                     ; Off                ; Off                ;
; Block Design Naming                                                             ; Auto               ; Auto               ;
; SDC constraint protection                                                       ; Off                ; Off                ;
; Synthesis Effort                                                                ; Auto               ; Auto               ;
; Shift Register Replacement - Allow Asynchronous Clear Signal                    ; On                 ; On                 ;
; Pre-Mapping Resynthesis Optimization                                            ; Off                ; Off                ;
; Analysis & Synthesis Message Level                                              ; Medium             ; Medium             ;
; Disable Register Merging Across Hierarchies                                     ; Auto               ; Auto               ;
; Resource Aware Inference For Block RAM                                          ; On                 ; On                 ;
; Automatic Parallel Synthesis                                                    ; On                 ; On                 ;
; Partial Reconfiguration Bitstream ID                                            ; Off                ; Off                ;
+---------------------------------------------------------------------------------+--------------------+--------------------+


+------------------------------------------+
; Parallel Compilation                     ;
+----------------------------+-------------+
; Processors                 ; Number      ;
+----------------------------+-------------+
; Number detected on machine ; 8           ;
; Maximum allowed            ; 4           ;
;                            ;             ;
; Average used               ; 1.00        ;
; Maximum used               ; 4           ;
;                            ;             ;
; Usage by Processor         ; % Time Used ;
;     Processor 1            ; 100.0%      ;
;     Processor 2            ;   0.0%      ;
;     Processor 3            ;   0.0%      ;
;     Processor 4            ;   0.0%      ;
+----------------------------+-------------+


+-------------------------------------------------------------------------------------------------------------------------------------------------------------------------------------+
; Analysis & Synthesis Source Files Read                                                                                                                                              ;
+------------------------------------------------+-----------------+------------------------------+-------------------------------------------------------------------------+---------+
; File Name with User-Entered Path               ; Used in Netlist ; File Type                    ; File Name with Absolute Path                                            ; Library ;
+------------------------------------------------+-----------------+------------------------------+-------------------------------------------------------------------------+---------+
; ../RecopVHDL/Main/recop_de1_soc_test.vhd       ; yes             ; User VHDL File               ; C:/HDL/701/recop/RecopVHDL/Main/recop_de1_soc_test.vhd                  ;         ;
; ../RecopVHDL/Main/registers.vhd                ; yes             ; User VHDL File               ; C:/HDL/701/recop/RecopVHDL/Main/registers.vhd                           ;         ;
; ../RecopVHDL/Main/regfile.vhd                  ; yes             ; User VHDL File               ; C:/HDL/701/recop/RecopVHDL/Main/regfile.vhd                             ;         ;
; ../RecopVHDL/Main/recop_types.vhd              ; yes             ; User VHDL File               ; C:/HDL/701/recop/RecopVHDL/Main/recop_types.vhd                         ;         ;
; ../RecopVHDL/Main/ALU.vhd                      ; yes             ; User VHDL File               ; C:/HDL/701/recop/RecopVHDL/Main/ALU.vhd                                 ;         ;
; ../RecopVHDL/Main/various_constants.vhd        ; yes             ; User VHDL File               ; C:/HDL/701/recop/RecopVHDL/Main/various_constants.vhd                   ;         ;
; ../RecopVHDL/Main/recop_top_v1.vhd             ; yes             ; User VHDL File               ; C:/HDL/701/recop/RecopVHDL/Main/recop_top_v1.vhd                        ;         ;
; ../RecopVHDL/Main/program_counter.vhd          ; yes             ; User VHDL File               ; C:/HDL/701/recop/RecopVHDL/Main/program_counter.vhd                     ;         ;
; ../RecopVHDL/Main/opcodes.vhd                  ; yes             ; User VHDL File               ; C:/HDL/701/recop/RecopVHDL/Main/opcodes.vhd                             ;         ;
; ../RecopVHDL/Main/multicycle_moore_machine.vhd ; yes             ; User VHDL File               ; C:/HDL/701/recop/RecopVHDL/Main/multicycle_moore_machine.vhd            ;         ;
; ../RecopVHDL/Main/instruction_memory_ip.vhd    ; yes             ; User Wizard-Generated File   ; C:/HDL/701/recop/RecopVHDL/Main/instruction_memory_ip.vhd               ;         ;
; ../RecopVHDL/Main/execute.vhd                  ; yes             ; User VHDL File               ; C:/HDL/701/recop/RecopVHDL/Main/execute.vhd                             ;         ;
; ../RecopVHDL/Main/data_memory_ip.vhd           ; yes             ; User Wizard-Generated File   ; C:/HDL/701/recop/RecopVHDL/Main/data_memory_ip.vhd                      ;         ;
; altsyncram.tdf                                 ; yes             ; Megafunction                 ; c:/hdl/quartu18.1/quartus/libraries/megafunctions/altsyncram.tdf        ;         ;
; stratix_ram_block.inc                          ; yes             ; Megafunction                 ; c:/hdl/quartu18.1/quartus/libraries/megafunctions/stratix_ram_block.inc ;         ;
; lpm_mux.inc                                    ; yes             ; Megafunction                 ; c:/hdl/quartu18.1/quartus/libraries/megafunctions/lpm_mux.inc           ;         ;
; lpm_decode.inc                                 ; yes             ; Megafunction                 ; c:/hdl/quartu18.1/quartus/libraries/megafunctions/lpm_decode.inc        ;         ;
; aglobal181.inc                                 ; yes             ; Megafunction                 ; c:/hdl/quartu18.1/quartus/libraries/megafunctions/aglobal181.inc        ;         ;
; a_rdenreg.inc                                  ; yes             ; Megafunction                 ; c:/hdl/quartu18.1/quartus/libraries/megafunctions/a_rdenreg.inc         ;         ;
; altrom.inc                                     ; yes             ; Megafunction                 ; c:/hdl/quartu18.1/quartus/libraries/megafunctions/altrom.inc            ;         ;
; altram.inc                                     ; yes             ; Megafunction                 ; c:/hdl/quartu18.1/quartus/libraries/megafunctions/altram.inc            ;         ;
; altdpram.inc                                   ; yes             ; Megafunction                 ; c:/hdl/quartu18.1/quartus/libraries/megafunctions/altdpram.inc          ;         ;
; db/altsyncram_4824.tdf                         ; yes             ; Auto-Generated Megafunction  ; C:/HDL/701/recop/Quartus/db/altsyncram_4824.tdf                         ;         ;
; db/altsyncram_s3v3.tdf                         ; yes             ; Auto-Generated Megafunction  ; C:/HDL/701/recop/Quartus/db/altsyncram_s3v3.tdf                         ;         ;
+------------------------------------------------+-----------------+------------------------------+-------------------------------------------------------------------------+---------+


+--------------------------------------------------------------+
; Analysis & Synthesis Resource Usage Summary                  ;
+---------------------------------------------+----------------+
; Resource                                    ; Usage          ;
+---------------------------------------------+----------------+
; Estimate of Logic utilization (ALMs needed) ; 369            ;
;                                             ;                ;
; Combinational ALUT usage for logic          ; 462            ;
;     -- 7 input functions                    ; 11             ;
;     -- 6 input functions                    ; 236            ;
;     -- 5 input functions                    ; 76             ;
;     -- 4 input functions                    ; 50             ;
;     -- <=3 input functions                  ; 89             ;
;                                             ;                ;
; Dedicated logic registers                   ; 315            ;
;                                             ;                ;
; I/O pins                                    ; 67             ;
; Total MLAB memory bits                      ; 0              ;
; Total block memory bits                     ; 24576          ;
;                                             ;                ;
; Total DSP Blocks                            ; 0              ;
;                                             ;                ;
; Maximum fan-out node                        ; CLOCK_50~input ;
; Maximum fan-out                             ; 363            ;
; Total fan-out                               ; 4151           ;
; Average fan-out                             ; 4.33           ;
+---------------------------------------------+----------------+


+----------------------------------------------------------------------------------------------------------------------------------------------------------------------------------------------------------------------------------------------------------------------------------------------------------------------------------------------------+
; Analysis & Synthesis Resource Utilization by Entity                                                                                                                                                                                                                                                                                                ;
+-------------------------------------------------+---------------------+---------------------------+-------------------+------------+------+--------------+-----------------------------------------------------------------------------------------------------------------------------------------------+--------------------------+--------------+
; Compilation Hierarchy Node                      ; Combinational ALUTs ; Dedicated Logic Registers ; Block Memory Bits ; DSP Blocks ; Pins ; Virtual Pins ; Full Hierarchy Name                                                                                                                           ; Entity Name              ; Library Name ;
+-------------------------------------------------+---------------------+---------------------------+-------------------+------------+------+--------------+-----------------------------------------------------------------------------------------------------------------------------------------------+--------------------------+--------------+
; |recop_de1_soc_test                             ; 462 (0)             ; 315 (0)                   ; 24576             ; 0          ; 67   ; 0            ; |recop_de1_soc_test                                                                                                                           ; recop_de1_soc_test       ; work         ;
;    |recop_top_v1:u_recop|                       ; 462 (32)            ; 315 (0)                   ; 24576             ; 0          ; 0    ; 0            ; |recop_de1_soc_test|recop_top_v1:u_recop                                                                                                      ; recop_top_v1             ; work         ;
;       |execute:u_execute|                       ; 144 (49)            ; 17 (0)                    ; 8192              ; 0          ; 0    ; 0            ; |recop_de1_soc_test|recop_top_v1:u_recop|execute:u_execute                                                                                    ; execute                  ; work         ;
;          |alu:u_alu|                            ; 95 (95)             ; 17 (17)                   ; 0                 ; 0          ; 0    ; 0            ; |recop_de1_soc_test|recop_top_v1:u_recop|execute:u_execute|alu:u_alu                                                                          ; alu                      ; work         ;
;          |data_memory_ip:u_dm|                  ; 0 (0)               ; 0 (0)                     ; 8192              ; 0          ; 0    ; 0            ; |recop_de1_soc_test|recop_top_v1:u_recop|execute:u_execute|data_memory_ip:u_dm                                                                ; data_memory_ip           ; work         ;
;             |altsyncram:altsyncram_component|   ; 0 (0)               ; 0 (0)                     ; 8192              ; 0          ; 0    ; 0            ; |recop_de1_soc_test|recop_top_v1:u_recop|execute:u_execute|data_memory_ip:u_dm|altsyncram:altsyncram_component                                ; altsyncram               ; work         ;
;                |altsyncram_s3v3:auto_generated| ; 0 (0)               ; 0 (0)                     ; 8192              ; 0          ; 0    ; 0            ; |recop_de1_soc_test|recop_top_v1:u_recop|execute:u_execute|data_memory_ip:u_dm|altsyncram:altsyncram_component|altsyncram_s3v3:auto_generated ; altsyncram_s3v3          ; work         ;
;       |instruction_memory_ip:u_im_ip|           ; 0 (0)               ; 0 (0)                     ; 16384             ; 0          ; 0    ; 0            ; |recop_de1_soc_test|recop_top_v1:u_recop|instruction_memory_ip:u_im_ip                                                                        ; instruction_memory_ip    ; work         ;
;          |altsyncram:altsyncram_component|      ; 0 (0)               ; 0 (0)                     ; 16384             ; 0          ; 0    ; 0            ; |recop_de1_soc_test|recop_top_v1:u_recop|instruction_memory_ip:u_im_ip|altsyncram:altsyncram_component                                        ; altsyncram               ; work         ;
;             |altsyncram_4824:auto_generated|    ; 0 (0)               ; 0 (0)                     ; 16384             ; 0          ; 0    ; 0            ; |recop_de1_soc_test|recop_top_v1:u_recop|instruction_memory_ip:u_im_ip|altsyncram:altsyncram_component|altsyncram_4824:auto_generated         ; altsyncram_4824          ; work         ;
;       |multicycle_moore_machine:u_cu|           ; 56 (56)             ; 6 (6)                     ; 0                 ; 0          ; 0    ; 0            ; |recop_de1_soc_test|recop_top_v1:u_recop|multicycle_moore_machine:u_cu                                                                        ; multicycle_moore_machine ; work         ;
;       |program_counter:u_pc|                    ; 1 (1)               ; 16 (16)                   ; 0                 ; 0          ; 0    ; 0            ; |recop_de1_soc_test|recop_top_v1:u_recop|program_counter:u_pc                                                                                 ; program_counter          ; work         ;
;       |regfile:u_regfile|                       ; 229 (229)           ; 256 (256)                 ; 0                 ; 0          ; 0    ; 0            ; |recop_de1_soc_test|recop_top_v1:u_recop|regfile:u_regfile                                                                                    ; regfile                  ; work         ;
;       |registers:u_registers|                   ; 0 (0)               ; 20 (20)                   ; 0                 ; 0          ; 0    ; 0            ; |recop_de1_soc_test|recop_top_v1:u_recop|registers:u_registers                                                                                ; registers                ; work         ;
+-------------------------------------------------+---------------------+---------------------------+-------------------+------------+------+--------------+-----------------------------------------------------------------------------------------------------------------------------------------------+--------------------------+--------------+
Note: For table entries with two numbers listed, the numbers in parentheses indicate the number of resources of the given type used by the specific entity alone. The numbers listed outside of parentheses indicate the total resources of the given type used by the specific entity and all of its sub-entities in the hierarchy.


+---------------------------------------------------------------------------------------------------------------------------------------------------------------------------------------------------------------------------------------------+
; Analysis & Synthesis RAM Summary                                                                                                                                                                                                            ;
+--------------------------------------------------------------------------------------------------------------------------------------+------+-------------+--------------+--------------+--------------+--------------+-------+-------------+
; Name                                                                                                                                 ; Type ; Mode        ; Port A Depth ; Port A Width ; Port B Depth ; Port B Width ; Size  ; MIF         ;
+--------------------------------------------------------------------------------------------------------------------------------------+------+-------------+--------------+--------------+--------------+--------------+-------+-------------+
; recop_top_v1:u_recop|execute:u_execute|data_memory_ip:u_dm|altsyncram:altsyncram_component|altsyncram_s3v3:auto_generated|ALTSYNCRAM ; AUTO ; Single Port ; 512          ; 16           ; --           ; --           ; 8192  ; None        ;
; recop_top_v1:u_recop|instruction_memory_ip:u_im_ip|altsyncram:altsyncram_component|altsyncram_4824:auto_generated|ALTSYNCRAM         ; AUTO ; ROM         ; 512          ; 32           ; --           ; --           ; 16384 ; cpu_mif.mif ;
+--------------------------------------------------------------------------------------------------------------------------------------+------+-------------+--------------+--------------+--------------+--------------+-------+-------------+


+---------------------------------------------------------------------------------------------------------------------------------------------------------------------------------------+
; Analysis & Synthesis IP Cores Summary                                                                                                                                                 ;
+--------+--------------+---------+--------------+--------------+--------------------------------------------------------------------------------+--------------------------------------+
; Vendor ; IP Core Name ; Version ; Release Date ; License Type ; Entity Instance                                                                ; IP Include File                      ;
+--------+--------------+---------+--------------+--------------+--------------------------------------------------------------------------------+--------------------------------------+
; Altera ; RAM: 1-PORT  ; 18.1    ; N/A          ; N/A          ; |recop_de1_soc_test|recop_top_v1:u_recop|execute:u_execute|data_memory_ip:u_dm ; ../RecopVHDL/Main/data_memory_ip.vhd ;
+--------+--------------+---------+--------------+--------------+--------------------------------------------------------------------------------+--------------------------------------+


Encoding Type:  One-Hot
+---------------------------------------------------------------------------------------------------------------------------------+
; State Machine - |recop_de1_soc_test|recop_top_v1:u_recop|multicycle_moore_machine:u_cu|state                                    ;
+-------------------+-------------------+-------------------+------------------+-----------------+----------------+---------------+
; Name              ; state.S_WRITEBACK ; state.S_MEM_WRITE ; state.S_MEM_READ ; state.S_EXECUTE ; state.S_DECODE ; state.S_FETCH ;
+-------------------+-------------------+-------------------+------------------+-----------------+----------------+---------------+
; state.S_FETCH     ; 0                 ; 0                 ; 0                ; 0               ; 0              ; 0             ;
; state.S_DECODE    ; 0                 ; 0                 ; 0                ; 0               ; 1              ; 1             ;
; state.S_EXECUTE   ; 0                 ; 0                 ; 0                ; 1               ; 0              ; 1             ;
; state.S_MEM_READ  ; 0                 ; 0                 ; 1                ; 0               ; 0              ; 1             ;
; state.S_MEM_WRITE ; 0                 ; 1                 ; 0                ; 0               ; 0              ; 1             ;
; state.S_WRITEBACK ; 1                 ; 0                 ; 0                ; 0               ; 0              ; 1             ;
+-------------------+-------------------+-------------------+------------------+-----------------+----------------+---------------+


+---------------------------------------------------------------------------------------------------+
; Registers Removed During Synthesis                                                                ;
+----------------------------------------------------------+----------------------------------------+
; Register name                                            ; Reason for Removal                     ;
+----------------------------------------------------------+----------------------------------------+
; recop_top_v1:u_recop|registers:u_registers|sip_r[10..15] ; Stuck at GND due to stuck port data_in ;
; Total Number of Removed Registers = 6                    ;                                        ;
+----------------------------------------------------------+----------------------------------------+


+------------------------------------------------------+
; General Register Statistics                          ;
+----------------------------------------------+-------+
; Statistic                                    ; Value ;
+----------------------------------------------+-------+
; Total registers                              ; 315   ;
; Number of registers using Synchronous Clear  ; 16    ;
; Number of registers using Synchronous Load   ; 0     ;
; Number of registers using Asynchronous Clear ; 299   ;
; Number of registers using Asynchronous Load  ; 0     ;
; Number of registers using Clock Enable       ; 298   ;
; Number of registers using Preset             ; 0     ;
+----------------------------------------------+-------+


+-------------------------------------------------------------------------------------------------------------------------------------------------------------------------------------------------------+
; Multiplexer Restructuring Statistics (Restructuring Performed)                                                                                                                                        ;
+--------------------+-----------+---------------+----------------------+------------------------+------------+-----------------------------------------------------------------------------------------+
; Multiplexer Inputs ; Bus Width ; Baseline Area ; Area if Restructured ; Saving if Restructured ; Registered ; Example Multiplexer Output                                                              ;
+--------------------+-----------+---------------+----------------------+------------------------+------------+-----------------------------------------------------------------------------------------+
; 4:1                ; 16 bits   ; 32 LEs        ; 32 LEs               ; 0 LEs                  ; Yes        ; |recop_de1_soc_test|recop_top_v1:u_recop|program_counter:u_pc|current_pc[5]             ;
; 3:1                ; 3 bits    ; 6 LEs         ; 6 LEs                ; 0 LEs                  ; No         ; |recop_de1_soc_test|recop_top_v1:u_recop|multicycle_moore_machine:u_cu|rf_input_sel[0]  ;
; 3:1                ; 2 bits    ; 4 LEs         ; 4 LEs                ; 0 LEs                  ; No         ; |recop_de1_soc_test|recop_top_v1:u_recop|multicycle_moore_machine:u_cu|alu_op2_sel      ;
; 4:1                ; 16 bits   ; 32 LEs        ; 32 LEs               ; 0 LEs                  ; No         ; |recop_de1_soc_test|recop_top_v1:u_recop|execute:u_execute|Mux18                        ;
; 4:1                ; 9 bits    ; 18 LEs        ; 18 LEs               ; 0 LEs                  ; No         ; |recop_de1_soc_test|recop_top_v1:u_recop|execute:u_execute|Mux7                         ;
; 5:1                ; 2 bits    ; 6 LEs         ; 4 LEs                ; 2 LEs                  ; No         ; |recop_de1_soc_test|recop_top_v1:u_recop|multicycle_moore_machine:u_cu|alu_operation[2] ;
; 8:1                ; 16 bits   ; 80 LEs        ; 32 LEs               ; 48 LEs                 ; No         ; |recop_de1_soc_test|recop_top_v1:u_recop|execute:u_execute|alu:u_alu|Mux31              ;
; 16:1               ; 16 bits   ; 160 LEs       ; 160 LEs              ; 0 LEs                  ; No         ; |recop_de1_soc_test|recop_top_v1:u_recop|regfile:u_regfile|Mux28                        ;
; 16:1               ; 16 bits   ; 160 LEs       ; 160 LEs              ; 0 LEs                  ; No         ; |recop_de1_soc_test|recop_top_v1:u_recop|regfile:u_regfile|Mux46                        ;
; 9:1                ; 6 bits    ; 36 LEs        ; 30 LEs               ; 6 LEs                  ; No         ; |recop_de1_soc_test|recop_top_v1:u_recop|regfile:u_regfile|Mux1                         ;
; 9:1                ; 10 bits   ; 60 LEs        ; 40 LEs               ; 20 LEs                 ; No         ; |recop_de1_soc_test|recop_top_v1:u_recop|regfile:u_regfile|Mux15                        ;
+--------------------+-----------+---------------+----------------------+------------------------+------------+-----------------------------------------------------------------------------------------+


+------------------------------------------------------------------------------------------------------------------------------------------+
; Source assignments for recop_top_v1:u_recop|instruction_memory_ip:u_im_ip|altsyncram:altsyncram_component|altsyncram_4824:auto_generated ;
+---------------------------------+--------------------+------+----------------------------------------------------------------------------+
; Assignment                      ; Value              ; From ; To                                                                         ;
+---------------------------------+--------------------+------+----------------------------------------------------------------------------+
; OPTIMIZE_POWER_DURING_SYNTHESIS ; NORMAL_COMPILATION ; -    ; -                                                                          ;
+---------------------------------+--------------------+------+----------------------------------------------------------------------------+


+--------------------------------------------------------------------------------------------------------------------------------------------------+
; Source assignments for recop_top_v1:u_recop|execute:u_execute|data_memory_ip:u_dm|altsyncram:altsyncram_component|altsyncram_s3v3:auto_generated ;
+---------------------------------+--------------------+------+------------------------------------------------------------------------------------+
; Assignment                      ; Value              ; From ; To                                                                                 ;
+---------------------------------+--------------------+------+------------------------------------------------------------------------------------+
; OPTIMIZE_POWER_DURING_SYNTHESIS ; NORMAL_COMPILATION ; -    ; -                                                                                  ;
+---------------------------------+--------------------+------+------------------------------------------------------------------------------------+


+---------------------------------------------------------------------------------------------------------------------------------+
; Parameter Settings for User Entity Instance: recop_top_v1:u_recop|instruction_memory_ip:u_im_ip|altsyncram:altsyncram_component ;
+------------------------------------+----------------------+---------------------------------------------------------------------+
; Parameter Name                     ; Value                ; Type                                                                ;
+------------------------------------+----------------------+---------------------------------------------------------------------+
; BYTE_SIZE_BLOCK                    ; 8                    ; Untyped                                                             ;
; AUTO_CARRY_CHAINS                  ; ON                   ; AUTO_CARRY                                                          ;
; IGNORE_CARRY_BUFFERS               ; OFF                  ; IGNORE_CARRY                                                        ;
; AUTO_CASCADE_CHAINS                ; ON                   ; AUTO_CASCADE                                                        ;
; IGNORE_CASCADE_BUFFERS             ; OFF                  ; IGNORE_CASCADE                                                      ;
; WIDTH_BYTEENA                      ; 1                    ; Untyped                                                             ;
; OPERATION_MODE                     ; ROM                  ; Untyped                                                             ;
; WIDTH_A                            ; 32                   ; Signed Integer                                                      ;
; WIDTHAD_A                          ; 9                    ; Signed Integer                                                      ;
; NUMWORDS_A                         ; 512                  ; Signed Integer                                                      ;
; OUTDATA_REG_A                      ; UNREGISTERED         ; Untyped                                                             ;
; ADDRESS_ACLR_A                     ; NONE                 ; Untyped                                                             ;
; OUTDATA_ACLR_A                     ; NONE                 ; Untyped                                                             ;
; WRCONTROL_ACLR_A                   ; NONE                 ; Untyped                                                             ;
; INDATA_ACLR_A                      ; NONE                 ; Untyped                                                             ;
; BYTEENA_ACLR_A                     ; NONE                 ; Untyped                                                             ;
; WIDTH_B                            ; 1                    ; Signed Integer                                                      ;
; WIDTHAD_B                          ; 1                    ; Signed Integer                                                      ;
; NUMWORDS_B                         ; 0                    ; Signed Integer                                                      ;
; INDATA_REG_B                       ; CLOCK1               ; Untyped                                                             ;
; WRCONTROL_WRADDRESS_REG_B          ; CLOCK1               ; Untyped                                                             ;
; RDCONTROL_REG_B                    ; CLOCK1               ; Untyped                                                             ;
; ADDRESS_REG_B                      ; CLOCK1               ; Untyped                                                             ;
; OUTDATA_REG_B                      ; UNREGISTERED         ; Untyped                                                             ;
; BYTEENA_REG_B                      ; CLOCK1               ; Untyped                                                             ;
; INDATA_ACLR_B                      ; NONE                 ; Untyped                                                             ;
; WRCONTROL_ACLR_B                   ; NONE                 ; Untyped                                                             ;
; ADDRESS_ACLR_B                     ; NONE                 ; Untyped                                                             ;
; OUTDATA_ACLR_B                     ; NONE                 ; Untyped                                                             ;
; RDCONTROL_ACLR_B                   ; NONE                 ; Untyped                                                             ;
; BYTEENA_ACLR_B                     ; NONE                 ; Untyped                                                             ;
; WIDTH_BYTEENA_A                    ; 1                    ; Signed Integer                                                      ;
; WIDTH_BYTEENA_B                    ; 1                    ; Signed Integer                                                      ;
; RAM_BLOCK_TYPE                     ; AUTO                 ; Untyped                                                             ;
; BYTE_SIZE                          ; 8                    ; Signed Integer                                                      ;
; READ_DURING_WRITE_MODE_MIXED_PORTS ; DONT_CARE            ; Untyped                                                             ;
; READ_DURING_WRITE_MODE_PORT_A      ; NEW_DATA_NO_NBE_READ ; Untyped                                                             ;
; READ_DURING_WRITE_MODE_PORT_B      ; NEW_DATA_NO_NBE_READ ; Untyped                                                             ;
; INIT_FILE                          ; cpu_mif.mif          ; Untyped                                                             ;
; INIT_FILE_LAYOUT                   ; PORT_A               ; Untyped                                                             ;
; MAXIMUM_DEPTH                      ; 0                    ; Signed Integer                                                      ;
; CLOCK_ENABLE_INPUT_A               ; BYPASS               ; Untyped                                                             ;
; CLOCK_ENABLE_INPUT_B               ; NORMAL               ; Untyped                                                             ;
; CLOCK_ENABLE_OUTPUT_A              ; BYPASS               ; Untyped                                                             ;
; CLOCK_ENABLE_OUTPUT_B              ; NORMAL               ; Untyped                                                             ;
; CLOCK_ENABLE_CORE_A                ; USE_INPUT_CLKEN      ; Untyped                                                             ;
; CLOCK_ENABLE_CORE_B                ; USE_INPUT_CLKEN      ; Untyped                                                             ;
; ENABLE_ECC                         ; FALSE                ; Untyped                                                             ;
; ECC_PIPELINE_STAGE_ENABLED         ; FALSE                ; Untyped                                                             ;
; WIDTH_ECCSTATUS                    ; 3                    ; Signed Integer                                                      ;
; DEVICE_FAMILY                      ; Cyclone V            ; Untyped                                                             ;
; CBXI_PARAMETER                     ; altsyncram_4824      ; Untyped                                                             ;
+------------------------------------+----------------------+---------------------------------------------------------------------+
Note: In order to hide this table in the UI and the text report file, please set the "Show Parameter Settings in Synthesis Report" option in "Analysis and Synthesis Settings -> More Settings" to "Off".


+-----------------------------------------------------------------------------------------------------------------------------------------+
; Parameter Settings for User Entity Instance: recop_top_v1:u_recop|execute:u_execute|data_memory_ip:u_dm|altsyncram:altsyncram_component ;
+------------------------------------+----------------------+-----------------------------------------------------------------------------+
; Parameter Name                     ; Value                ; Type                                                                        ;
+------------------------------------+----------------------+-----------------------------------------------------------------------------+
; BYTE_SIZE_BLOCK                    ; 8                    ; Untyped                                                                     ;
; AUTO_CARRY_CHAINS                  ; ON                   ; AUTO_CARRY                                                                  ;
; IGNORE_CARRY_BUFFERS               ; OFF                  ; IGNORE_CARRY                                                                ;
; AUTO_CASCADE_CHAINS                ; ON                   ; AUTO_CASCADE                                                                ;
; IGNORE_CASCADE_BUFFERS             ; OFF                  ; IGNORE_CASCADE                                                              ;
; WIDTH_BYTEENA                      ; 1                    ; Untyped                                                                     ;
; OPERATION_MODE                     ; SINGLE_PORT          ; Untyped                                                                     ;
; WIDTH_A                            ; 16                   ; Signed Integer                                                              ;
; WIDTHAD_A                          ; 9                    ; Signed Integer                                                              ;
; NUMWORDS_A                         ; 512                  ; Signed Integer                                                              ;
; OUTDATA_REG_A                      ; UNREGISTERED         ; Untyped                                                                     ;
; ADDRESS_ACLR_A                     ; NONE                 ; Untyped                                                                     ;
; OUTDATA_ACLR_A                     ; NONE                 ; Untyped                                                                     ;
; WRCONTROL_ACLR_A                   ; NONE                 ; Untyped                                                                     ;
; INDATA_ACLR_A                      ; NONE                 ; Untyped                                                                     ;
; BYTEENA_ACLR_A                     ; NONE                 ; Untyped                                                                     ;
; WIDTH_B                            ; 1                    ; Signed Integer                                                              ;
; WIDTHAD_B                          ; 1                    ; Signed Integer                                                              ;
; NUMWORDS_B                         ; 0                    ; Signed Integer                                                              ;
; INDATA_REG_B                       ; CLOCK1               ; Untyped                                                                     ;
; WRCONTROL_WRADDRESS_REG_B          ; CLOCK1               ; Untyped                                                                     ;
; RDCONTROL_REG_B                    ; CLOCK1               ; Untyped                                                                     ;
; ADDRESS_REG_B                      ; CLOCK1               ; Untyped                                                                     ;
; OUTDATA_REG_B                      ; UNREGISTERED         ; Untyped                                                                     ;
; BYTEENA_REG_B                      ; CLOCK1               ; Untyped                                                                     ;
; INDATA_ACLR_B                      ; NONE                 ; Untyped                                                                     ;
; WRCONTROL_ACLR_B                   ; NONE                 ; Untyped                                                                     ;
; ADDRESS_ACLR_B                     ; NONE                 ; Untyped                                                                     ;
; OUTDATA_ACLR_B                     ; NONE                 ; Untyped                                                                     ;
; RDCONTROL_ACLR_B                   ; NONE                 ; Untyped                                                                     ;
; BYTEENA_ACLR_B                     ; NONE                 ; Untyped                                                                     ;
; WIDTH_BYTEENA_A                    ; 1                    ; Signed Integer                                                              ;
; WIDTH_BYTEENA_B                    ; 1                    ; Signed Integer                                                              ;
; RAM_BLOCK_TYPE                     ; AUTO                 ; Untyped                                                                     ;
; BYTE_SIZE                          ; 8                    ; Signed Integer                                                              ;
; READ_DURING_WRITE_MODE_MIXED_PORTS ; DONT_CARE            ; Untyped                                                                     ;
; READ_DURING_WRITE_MODE_PORT_A      ; DONT_CARE            ; Untyped                                                                     ;
; READ_DURING_WRITE_MODE_PORT_B      ; NEW_DATA_NO_NBE_READ ; Untyped                                                                     ;
; INIT_FILE                          ; UNUSED               ; Untyped                                                                     ;
; INIT_FILE_LAYOUT                   ; PORT_A               ; Untyped                                                                     ;
; MAXIMUM_DEPTH                      ; 0                    ; Signed Integer                                                              ;
; CLOCK_ENABLE_INPUT_A               ; BYPASS               ; Untyped                                                                     ;
; CLOCK_ENABLE_INPUT_B               ; NORMAL               ; Untyped                                                                     ;
; CLOCK_ENABLE_OUTPUT_A              ; BYPASS               ; Untyped                                                                     ;
; CLOCK_ENABLE_OUTPUT_B              ; NORMAL               ; Untyped                                                                     ;
; CLOCK_ENABLE_CORE_A                ; USE_INPUT_CLKEN      ; Untyped                                                                     ;
; CLOCK_ENABLE_CORE_B                ; USE_INPUT_CLKEN      ; Untyped                                                                     ;
; ENABLE_ECC                         ; FALSE                ; Untyped                                                                     ;
; ECC_PIPELINE_STAGE_ENABLED         ; FALSE                ; Untyped                                                                     ;
; WIDTH_ECCSTATUS                    ; 3                    ; Signed Integer                                                              ;
; DEVICE_FAMILY                      ; Cyclone V            ; Untyped                                                                     ;
; CBXI_PARAMETER                     ; altsyncram_s3v3      ; Untyped                                                                     ;
+------------------------------------+----------------------+-----------------------------------------------------------------------------+
Note: In order to hide this table in the UI and the text report file, please set the "Show Parameter Settings in Synthesis Report" option in "Analysis and Synthesis Settings -> More Settings" to "Off".


+----------------------------------------------------------------------------------------------------------------------------------------+
; altsyncram Parameter Settings by Entity Instance                                                                                       ;
+-------------------------------------------+--------------------------------------------------------------------------------------------+
; Name                                      ; Value                                                                                      ;
+-------------------------------------------+--------------------------------------------------------------------------------------------+
; Number of entity instances                ; 2                                                                                          ;
; Entity Instance                           ; recop_top_v1:u_recop|instruction_memory_ip:u_im_ip|altsyncram:altsyncram_component         ;
;     -- OPERATION_MODE                     ; ROM                                                                                        ;
;     -- WIDTH_A                            ; 32                                                                                         ;
;     -- NUMWORDS_A                         ; 512                                                                                        ;
;     -- OUTDATA_REG_A                      ; UNREGISTERED                                                                               ;
;     -- WIDTH_B                            ; 1                                                                                          ;
;     -- NUMWORDS_B                         ; 0                                                                                          ;
;     -- ADDRESS_REG_B                      ; CLOCK1                                                                                     ;
;     -- OUTDATA_REG_B                      ; UNREGISTERED                                                                               ;
;     -- RAM_BLOCK_TYPE                     ; AUTO                                                                                       ;
;     -- READ_DURING_WRITE_MODE_MIXED_PORTS ; DONT_CARE                                                                                  ;
; Entity Instance                           ; recop_top_v1:u_recop|execute:u_execute|data_memory_ip:u_dm|altsyncram:altsyncram_component ;
;     -- OPERATION_MODE                     ; SINGLE_PORT                                                                                ;
;     -- WIDTH_A                            ; 16                                                                                         ;
;     -- NUMWORDS_A                         ; 512                                                                                        ;
;     -- OUTDATA_REG_A                      ; UNREGISTERED                                                                               ;
;     -- WIDTH_B                            ; 1                                                                                          ;
;     -- NUMWORDS_B                         ; 0                                                                                          ;
;     -- ADDRESS_REG_B                      ; CLOCK1                                                                                     ;
;     -- OUTDATA_REG_B                      ; UNREGISTERED                                                                               ;
;     -- RAM_BLOCK_TYPE                     ; AUTO                                                                                       ;
;     -- READ_DURING_WRITE_MODE_MIXED_PORTS ; DONT_CARE                                                                                  ;
+-------------------------------------------+--------------------------------------------------------------------------------------------+


+----------------------------------------------------------------------------------------------------------------+
; Port Connectivity Checks: "recop_top_v1:u_recop|registers:u_registers"                                         ;
+------+--------+----------+-------------------------------------------------------------------------------------+
; Port ; Type   ; Severity ; Details                                                                             ;
+------+--------+----------+-------------------------------------------------------------------------------------+
; er   ; Output ; Info     ; Connected to dangling logic. Logic that only feeds a dangling port will be removed. ;
; eot  ; Output ; Info     ; Connected to dangling logic. Logic that only feeds a dangling port will be removed. ;
; svop ; Output ; Info     ; Connected to dangling logic. Logic that only feeds a dangling port will be removed. ;
+------+--------+----------+-------------------------------------------------------------------------------------+


+------------------------------------------------------------------------------+
; Port Connectivity Checks: "recop_top_v1:u_recop|execute:u_execute|alu:u_alu" ;
+-----------+-------+----------+-----------------------------------------------+
; Port      ; Type  ; Severity ; Details                                       ;
+-----------+-------+----------+-----------------------------------------------+
; alu_carry ; Input ; Info     ; Stuck at GND                                  ;
+-----------+-------+----------+-----------------------------------------------+


+--------------------------------------------------------------------+
; Port Connectivity Checks: "recop_top_v1:u_recop|regfile:u_regfile" ;
+--------------+-------+----------+----------------------------------+
; Port         ; Type  ; Severity ; Details                          ;
+--------------+-------+----------+----------------------------------+
; er_temp      ; Input ; Info     ; Stuck at GND                     ;
; dprr_res     ; Input ; Info     ; Stuck at GND                     ;
; dprr_res_reg ; Input ; Info     ; Stuck at GND                     ;
+--------------+-------+----------+----------------------------------+


+--------------------------------------------------------------------------------------------------------------------------------+
; Port Connectivity Checks: "recop_top_v1:u_recop"                                                                               ;
+----------------------+--------+----------+-------------------------------------------------------------------------------------+
; Port                 ; Type   ; Severity ; Details                                                                             ;
+----------------------+--------+----------+-------------------------------------------------------------------------------------+
; sip[15..10]          ; Input  ; Info     ; Stuck at GND                                                                        ;
; current_state_output ; Output ; Info     ; Connected to dangling logic. Logic that only feeds a dangling port will be removed. ;
; dprr                 ; Output ; Info     ; Connected to dangling logic. Logic that only feeds a dangling port will be removed. ;
; dpcr                 ; Output ; Info     ; Connected to dangling logic. Logic that only feeds a dangling port will be removed. ;
; sop[15..10]          ; Output ; Info     ; Connected to dangling logic. Logic that only feeds a dangling port will be removed. ;
+----------------------+--------+----------+-------------------------------------------------------------------------------------+


+-----------------------------------------------------+
; Post-Synthesis Netlist Statistics for Top Partition ;
+-----------------------+-----------------------------+
; Type                  ; Count                       ;
+-----------------------+-----------------------------+
; arriav_ff             ; 315                         ;
;     CLR               ; 17                          ;
;     ENA               ; 16                          ;
;     ENA CLR           ; 266                         ;
;     ENA CLR SCLR      ; 16                          ;
; arriav_lcell_comb     ; 463                         ;
;     arith             ; 33                          ;
;         1 data inputs ; 16                          ;
;         3 data inputs ; 1                           ;
;         5 data inputs ; 16                          ;
;     extend            ; 11                          ;
;         7 data inputs ; 11                          ;
;     normal            ; 419                         ;
;         0 data inputs ; 1                           ;
;         1 data inputs ; 1                           ;
;         2 data inputs ; 18                          ;
;         3 data inputs ; 53                          ;
;         4 data inputs ; 50                          ;
;         5 data inputs ; 60                          ;
;         6 data inputs ; 236                         ;
; boundary_port         ; 67                          ;
; stratixv_ram_block    ; 48                          ;
;                       ;                             ;
; Max LUT depth         ; 7.50                        ;
; Average LUT depth     ; 5.81                        ;
+-----------------------+-----------------------------+


+-------------------------------+
; Elapsed Time Per Partition    ;
+----------------+--------------+
; Partition Name ; Elapsed Time ;
+----------------+--------------+
; Top            ; 00:00:01     ;
+----------------+--------------+


+-------------------------------+
; Analysis & Synthesis Messages ;
+-------------------------------+
Info: *******************************************************************
Info: Running Quartus Prime Analysis & Synthesis
    Info: Version 18.1.0 Build 625 09/12/2018 SJ Lite Edition
    Info: Processing started: Tue Apr 21 18:46:26 2026
Info: Command: quartus_map --read_settings_files=on --write_settings_files=off 701_A1 -c 701_A1
Warning (125092): Tcl Script File data_memory_ip.qip not found
    Info (125063): set_global_assignment -name QIP_FILE data_memory_ip.qip
Warning (125092): Tcl Script File instruction_memory_ip.qip not found
    Info (125063): set_global_assignment -name QIP_FILE instruction_memory_ip.qip
Warning (18236): Number of processors has not been specified which may cause overloading on shared machines.  Set the global assignment NUM_PARALLEL_PROCESSORS in your QSF to an appropriate value for best performance.
Info (20030): Parallel compilation is enabled and will use 4 of the 4 processors detected
Info (12021): Found 2 design units, including 1 entities, in source file /hdl/701/recop/recopvhdl/main/recop_de1_soc_test.vhd
    Info (12022): Found design unit 1: recop_de1_soc_test-beh File: C:/HDL/701/recop/RecopVHDL/Main/recop_de1_soc_test.vhd Line: 22
    Info (12023): Found entity 1: recop_de1_soc_test File: C:/HDL/701/recop/RecopVHDL/Main/recop_de1_soc_test.vhd Line: 6
Info (12021): Found 2 design units, including 1 entities, in source file /hdl/701/recop/recopvhdl/main/registers.vhd
    Info (12022): Found design unit 1: registers-beh File: C:/HDL/701/recop/RecopVHDL/Main/registers.vhd Line: 48
    Info (12023): Found entity 1: registers File: C:/HDL/701/recop/RecopVHDL/Main/registers.vhd Line: 12
Info (12021): Found 2 design units, including 1 entities, in source file /hdl/701/recop/recopvhdl/main/regfile.vhd
    Info (12022): Found design unit 1: regfile-beh File: C:/HDL/701/recop/RecopVHDL/Main/regfile.vhd Line: 41
    Info (12023): Found entity 1: regfile File: C:/HDL/701/recop/RecopVHDL/Main/regfile.vhd Line: 11
Info (12021): Found 1 design units, including 0 entities, in source file /hdl/701/recop/recopvhdl/main/recop_types.vhd
    Info (12022): Found design unit 1: recop_types File: C:/HDL/701/recop/RecopVHDL/Main/recop_types.vhd Line: 5
Info (12021): Found 2 design units, including 1 entities, in source file /hdl/701/recop/recopvhdl/main/alu.vhd
    Info (12022): Found design unit 1: alu-combined File: C:/HDL/701/recop/RecopVHDL/Main/ALU.vhd Line: 34
    Info (12023): Found entity 1: alu File: C:/HDL/701/recop/RecopVHDL/Main/ALU.vhd Line: 13
Info (12021): Found 1 design units, including 0 entities, in source file /hdl/701/recop/recopvhdl/main/various_constants.vhd
    Info (12022): Found design unit 1: various_constants File: C:/HDL/701/recop/RecopVHDL/Main/various_constants.vhd Line: 5
Info (12021): Found 2 design units, including 1 entities, in source file /hdl/701/recop/recopvhdl/main/recop_top_v1.vhd
    Info (12022): Found design unit 1: recop_top_v1-beh File: C:/HDL/701/recop/RecopVHDL/Main/recop_top_v1.vhd Line: 23
    Info (12023): Found entity 1: recop_top_v1 File: C:/HDL/701/recop/RecopVHDL/Main/recop_top_v1.vhd Line: 8
Info (12021): Found 2 design units, including 1 entities, in source file /hdl/701/recop/recopvhdl/main/program_counter.vhd
    Info (12022): Found design unit 1: program_counter-beh File: C:/HDL/701/recop/RecopVHDL/Main/program_counter.vhd Line: 20
    Info (12023): Found entity 1: program_counter File: C:/HDL/701/recop/RecopVHDL/Main/program_counter.vhd Line: 8
Info (12021): Found 1 design units, including 0 entities, in source file /hdl/701/recop/recopvhdl/main/opcodes.vhd
    Info (12022): Found design unit 1: opcodes File: C:/HDL/701/recop/RecopVHDL/Main/opcodes.vhd Line: 7
Info (12021): Found 2 design units, including 1 entities, in source file /hdl/701/recop/recopvhdl/main/multicycle_moore_machine.vhd
    Info (12022): Found design unit 1: multicycle_moore_machine-beh File: C:/HDL/701/recop/RecopVHDL/Main/multicycle_moore_machine.vhd Line: 56
    Info (12023): Found entity 1: multicycle_moore_machine File: C:/HDL/701/recop/RecopVHDL/Main/multicycle_moore_machine.vhd Line: 9
Info (12021): Found 2 design units, including 1 entities, in source file /hdl/701/recop/recopvhdl/main/instruction_memory_ip.vhd
    Info (12022): Found design unit 1: instruction_memory_ip-SYN File: C:/HDL/701/recop/RecopVHDL/Main/instruction_memory_ip.vhd Line: 52
    Info (12023): Found entity 1: instruction_memory_ip File: C:/HDL/701/recop/RecopVHDL/Main/instruction_memory_ip.vhd Line: 42
Info (12021): Found 2 design units, including 1 entities, in source file /hdl/701/recop/recopvhdl/main/execute.vhd
    Info (12022): Found design unit 1: execute-beh File: C:/HDL/701/recop/RecopVHDL/Main/execute.vhd Line: 31
    Info (12023): Found entity 1: execute File: C:/HDL/701/recop/RecopVHDL/Main/execute.vhd Line: 8
Info (12021): Found 2 design units, including 1 entities, in source file /hdl/701/recop/recopvhdl/main/recop_top.vhd
    Info (12022): Found design unit 1: recop_top-beh File: C:/HDL/701/recop/RecopVHDL/Main/recop_top.vhd Line: 75
    Info (12023): Found entity 1: recop_top File: C:/HDL/701/recop/RecopVHDL/Main/recop_top.vhd Line: 47
Info (12021): Found 2 design units, including 1 entities, in source file /hdl/701/recop/recopvhdl/main/data_memory_ip.vhd
    Info (12022): Found design unit 1: data_memory_ip-SYN File: C:/HDL/701/recop/RecopVHDL/Main/data_memory_ip.vhd Line: 54
    Info (12023): Found entity 1: data_memory_ip File: C:/HDL/701/recop/RecopVHDL/Main/data_memory_ip.vhd Line: 42
Info (12127): Elaborating entity "recop_de1_soc_test" for the top level hierarchy
Warning (10541): VHDL Signal Declaration warning at recop_de1_soc_test.vhd(14): used implicit default value for signal "HEX0" because signal was never assigned a value or an explicit default value. Use of implicit default value may introduce unintended design optimizations. File: C:/HDL/701/recop/RecopVHDL/Main/recop_de1_soc_test.vhd Line: 14
Warning (10541): VHDL Signal Declaration warning at recop_de1_soc_test.vhd(15): used implicit default value for signal "HEX1" because signal was never assigned a value or an explicit default value. Use of implicit default value may introduce unintended design optimizations. File: C:/HDL/701/recop/RecopVHDL/Main/recop_de1_soc_test.vhd Line: 15
Warning (10541): VHDL Signal Declaration warning at recop_de1_soc_test.vhd(16): used implicit default value for signal "HEX2" because signal was never assigned a value or an explicit default value. Use of implicit default value may introduce unintended design optimizations. File: C:/HDL/701/recop/RecopVHDL/Main/recop_de1_soc_test.vhd Line: 16
Warning (10541): VHDL Signal Declaration warning at recop_de1_soc_test.vhd(17): used implicit default value for signal "HEX3" because signal was never assigned a value or an explicit default value. Use of implicit default value may introduce unintended design optimizations. File: C:/HDL/701/recop/RecopVHDL/Main/recop_de1_soc_test.vhd Line: 17
Warning (10541): VHDL Signal Declaration warning at recop_de1_soc_test.vhd(18): used implicit default value for signal "HEX4" because signal was never assigned a value or an explicit default value. Use of implicit default value may introduce unintended design optimizations. File: C:/HDL/701/recop/RecopVHDL/Main/recop_de1_soc_test.vhd Line: 18
Warning (10541): VHDL Signal Declaration warning at recop_de1_soc_test.vhd(19): used implicit default value for signal "HEX5" because signal was never assigned a value or an explicit default value. Use of implicit default value may introduce unintended design optimizations. File: C:/HDL/701/recop/RecopVHDL/Main/recop_de1_soc_test.vhd Line: 19
Warning (10036): Verilog HDL or VHDL warning at recop_de1_soc_test.vhd(26): object "current_state" assigned a value but never read File: C:/HDL/701/recop/RecopVHDL/Main/recop_de1_soc_test.vhd Line: 26
Warning (10036): Verilog HDL or VHDL warning at recop_de1_soc_test.vhd(27): object "dprr_r" assigned a value but never read File: C:/HDL/701/recop/RecopVHDL/Main/recop_de1_soc_test.vhd Line: 27
Warning (10036): Verilog HDL or VHDL warning at recop_de1_soc_test.vhd(28): object "dpcr_r" assigned a value but never read File: C:/HDL/701/recop/RecopVHDL/Main/recop_de1_soc_test.vhd Line: 28
Info (12128): Elaborating entity "recop_top_v1" for hierarchy "recop_top_v1:u_recop" File: C:/HDL/701/recop/RecopVHDL/Main/recop_de1_soc_test.vhd Line: 36
Warning (10036): Verilog HDL or VHDL warning at recop_top_v1.vhd(75): object "er" assigned a value but never read File: C:/HDL/701/recop/RecopVHDL/Main/recop_top_v1.vhd Line: 75
Warning (10036): Verilog HDL or VHDL warning at recop_top_v1.vhd(76): object "eot" assigned a value but never read File: C:/HDL/701/recop/RecopVHDL/Main/recop_top_v1.vhd Line: 76
Warning (10036): Verilog HDL or VHDL warning at recop_top_v1.vhd(77): object "svop" assigned a value but never read File: C:/HDL/701/recop/RecopVHDL/Main/recop_top_v1.vhd Line: 77
Info (12128): Elaborating entity "multicycle_moore_machine" for hierarchy "recop_top_v1:u_recop|multicycle_moore_machine:u_cu" File: C:/HDL/701/recop/RecopVHDL/Main/recop_top_v1.vhd Line: 87
Warning (10492): VHDL Process Statement warning at multicycle_moore_machine.vhd(244): signal "reset" is read inside the Process Statement but isn't in the Process Statement's sensitivity list File: C:/HDL/701/recop/RecopVHDL/Main/multicycle_moore_machine.vhd Line: 244
Warning (10492): VHDL Process Statement warning at multicycle_moore_machine.vhd(247): signal "init" is read inside the Process Statement but isn't in the Process Statement's sensitivity list File: C:/HDL/701/recop/RecopVHDL/Main/multicycle_moore_machine.vhd Line: 247
Info (12128): Elaborating entity "program_counter" for hierarchy "recop_top_v1:u_recop|program_counter:u_pc" File: C:/HDL/701/recop/RecopVHDL/Main/recop_top_v1.vhd Line: 144
Warning (10492): VHDL Process Statement warning at program_counter.vhd(27): signal "init" is read inside the Process Statement but isn't in the Process Statement's sensitivity list File: C:/HDL/701/recop/RecopVHDL/Main/program_counter.vhd Line: 27
Info (12128): Elaborating entity "instruction_memory_ip" for hierarchy "recop_top_v1:u_recop|instruction_memory_ip:u_im_ip" File: C:/HDL/701/recop/RecopVHDL/Main/recop_top_v1.vhd Line: 155
Info (12128): Elaborating entity "altsyncram" for hierarchy "recop_top_v1:u_recop|instruction_memory_ip:u_im_ip|altsyncram:altsyncram_component" File: C:/HDL/701/recop/RecopVHDL/Main/instruction_memory_ip.vhd Line: 59
Info (12130): Elaborated megafunction instantiation "recop_top_v1:u_recop|instruction_memory_ip:u_im_ip|altsyncram:altsyncram_component" File: C:/HDL/701/recop/RecopVHDL/Main/instruction_memory_ip.vhd Line: 59
Info (12133): Instantiated megafunction "recop_top_v1:u_recop|instruction_memory_ip:u_im_ip|altsyncram:altsyncram_component" with the following parameter: File: C:/HDL/701/recop/RecopVHDL/Main/instruction_memory_ip.vhd Line: 59
    Info (12134): Parameter "address_aclr_a" = "NONE"
    Info (12134): Parameter "address_aclr_b" = "NONE"
    Info (12134): Parameter "address_reg_b" = "CLOCK1"
    Info (12134): Parameter "byte_size" = "8"
    Info (12134): Parameter "byteena_aclr_a" = "UNUSED"
    Info (12134): Parameter "byteena_aclr_b" = "NONE"
    Info (12134): Parameter "byteena_reg_b" = "CLOCK1"
    Info (12134): Parameter "clock_enable_core_a" = "USE_INPUT_CLKEN"
    Info (12134): Parameter "clock_enable_core_b" = "USE_INPUT_CLKEN"
    Info (12134): Parameter "clock_enable_input_a" = "BYPASS"
    Info (12134): Parameter "clock_enable_input_b" = "NORMAL"
    Info (12134): Parameter "clock_enable_output_a" = "BYPASS"
    Info (12134): Parameter "clock_enable_output_b" = "NORMAL"
    Info (12134): Parameter "intended_device_family" = "Cyclone V"
    Info (12134): Parameter "ecc_pipeline_stage_enabled" = "FALSE"
    Info (12134): Parameter "enable_ecc" = "FALSE"
    Info (12134): Parameter "implement_in_les" = "OFF"
    Info (12134): Parameter "indata_aclr_a" = "UNUSED"
    Info (12134): Parameter "indata_aclr_b" = "NONE"
    Info (12134): Parameter "indata_reg_b" = "CLOCK1"
    Info (12134): Parameter "init_file" = "cpu_mif.mif"
    Info (12134): Parameter "init_file_layout" = "PORT_A"
    Info (12134): Parameter "maximum_depth" = "0"
    Info (12134): Parameter "numwords_a" = "512"
    Info (12134): Parameter "numwords_b" = "0"
    Info (12134): Parameter "operation_mode" = "ROM"
    Info (12134): Parameter "outdata_aclr_a" = "NONE"
    Info (12134): Parameter "outdata_aclr_b" = "NONE"
    Info (12134): Parameter "outdata_reg_a" = "UNREGISTERED"
    Info (12134): Parameter "outdata_reg_b" = "UNREGISTERED"
    Info (12134): Parameter "power_up_uninitialized" = "FALSE"
    Info (12134): Parameter "ram_block_type" = "AUTO"
    Info (12134): Parameter "rdcontrol_aclr_b" = "NONE"
    Info (12134): Parameter "rdcontrol_reg_b" = "CLOCK1"
    Info (12134): Parameter "read_during_write_mode_mixed_ports" = "DONT_CARE"
    Info (12134): Parameter "read_during_write_mode_port_a" = "NEW_DATA_NO_NBE_READ"
    Info (12134): Parameter "read_during_write_mode_port_b" = "NEW_DATA_NO_NBE_READ"
    Info (12134): Parameter "stratixiv_m144k_allow_dual_clocks" = "ON"
    Info (12134): Parameter "width_a" = "32"
    Info (12134): Parameter "width_b" = "1"
    Info (12134): Parameter "width_byteena_a" = "1"
    Info (12134): Parameter "width_byteena_b" = "1"
    Info (12134): Parameter "width_eccstatus" = "3"
    Info (12134): Parameter "widthad_a" = "9"
    Info (12134): Parameter "widthad_b" = "1"
    Info (12134): Parameter "wrcontrol_aclr_a" = "UNUSED"
    Info (12134): Parameter "wrcontrol_aclr_b" = "NONE"
    Info (12134): Parameter "wrcontrol_wraddress_reg_b" = "CLOCK1"
    Info (12134): Parameter "lpm_hint" = "ENABLE_RUNTIME_MOD=NO"
    Info (12134): Parameter "lpm_type" = "altsyncram"
Info (12021): Found 1 design units, including 1 entities, in source file db/altsyncram_4824.tdf
    Info (12023): Found entity 1: altsyncram_4824 File: C:/HDL/701/recop/Quartus/db/altsyncram_4824.tdf Line: 27
Info (12128): Elaborating entity "altsyncram_4824" for hierarchy "recop_top_v1:u_recop|instruction_memory_ip:u_im_ip|altsyncram:altsyncram_component|altsyncram_4824:auto_generated" File: c:/hdl/quartu18.1/quartus/libraries/megafunctions/altsyncram.tdf Line: 791
Info (12128): Elaborating entity "regfile" for hierarchy "recop_top_v1:u_recop|regfile:u_regfile" File: C:/HDL/701/recop/RecopVHDL/Main/recop_top_v1.vhd Line: 169
Info (12128): Elaborating entity "execute" for hierarchy "recop_top_v1:u_recop|execute:u_execute" File: C:/HDL/701/recop/RecopVHDL/Main/recop_top_v1.vhd Line: 195
Info (12128): Elaborating entity "alu" for hierarchy "recop_top_v1:u_recop|execute:u_execute|alu:u_alu" File: C:/HDL/701/recop/RecopVHDL/Main/execute.vhd Line: 39
Warning (10492): VHDL Process Statement warning at ALU.vhd(88): signal "reset" is read inside the Process Statement but isn't in the Process Statement's sensitivity list File: C:/HDL/701/recop/RecopVHDL/Main/ALU.vhd Line: 88
Info (12128): Elaborating entity "data_memory_ip" for hierarchy "recop_top_v1:u_recop|execute:u_execute|data_memory_ip:u_dm" File: C:/HDL/701/recop/RecopVHDL/Main/execute.vhd Line: 61
Info (12128): Elaborating entity "altsyncram" for hierarchy "recop_top_v1:u_recop|execute:u_execute|data_memory_ip:u_dm|altsyncram:altsyncram_component" File: C:/HDL/701/recop/RecopVHDL/Main/data_memory_ip.vhd Line: 61
Info (12130): Elaborated megafunction instantiation "recop_top_v1:u_recop|execute:u_execute|data_memory_ip:u_dm|altsyncram:altsyncram_component" File: C:/HDL/701/recop/RecopVHDL/Main/data_memory_ip.vhd Line: 61
Info (12133): Instantiated megafunction "recop_top_v1:u_recop|execute:u_execute|data_memory_ip:u_dm|altsyncram:altsyncram_component" with the following parameter: File: C:/HDL/701/recop/RecopVHDL/Main/data_memory_ip.vhd Line: 61
    Info (12134): Parameter "address_aclr_a" = "UNUSED"
    Info (12134): Parameter "address_aclr_b" = "NONE"
    Info (12134): Parameter "address_reg_b" = "CLOCK1"
    Info (12134): Parameter "byte_size" = "8"
    Info (12134): Parameter "byteena_aclr_a" = "UNUSED"
    Info (12134): Parameter "byteena_aclr_b" = "NONE"
    Info (12134): Parameter "byteena_reg_b" = "CLOCK1"
    Info (12134): Parameter "clock_enable_core_a" = "USE_INPUT_CLKEN"
    Info (12134): Parameter "clock_enable_core_b" = "USE_INPUT_CLKEN"
    Info (12134): Parameter "clock_enable_input_a" = "BYPASS"
    Info (12134): Parameter "clock_enable_input_b" = "NORMAL"
    Info (12134): Parameter "clock_enable_output_a" = "BYPASS"
    Info (12134): Parameter "clock_enable_output_b" = "NORMAL"
    Info (12134): Parameter "intended_device_family" = "Cyclone V"
    Info (12134): Parameter "ecc_pipeline_stage_enabled" = "FALSE"
    Info (12134): Parameter "enable_ecc" = "FALSE"
    Info (12134): Parameter "implement_in_les" = "OFF"
    Info (12134): Parameter "indata_aclr_a" = "UNUSED"
    Info (12134): Parameter "indata_aclr_b" = "NONE"
    Info (12134): Parameter "indata_reg_b" = "CLOCK1"
    Info (12134): Parameter "init_file" = "UNUSED"
    Info (12134): Parameter "init_file_layout" = "PORT_A"
    Info (12134): Parameter "maximum_depth" = "0"
    Info (12134): Parameter "numwords_a" = "512"
    Info (12134): Parameter "numwords_b" = "0"
    Info (12134): Parameter "operation_mode" = "SINGLE_PORT"
    Info (12134): Parameter "outdata_aclr_a" = "NONE"
    Info (12134): Parameter "outdata_aclr_b" = "NONE"
    Info (12134): Parameter "outdata_reg_a" = "UNREGISTERED"
    Info (12134): Parameter "outdata_reg_b" = "UNREGISTERED"
    Info (12134): Parameter "power_up_uninitialized" = "FALSE"
    Info (12134): Parameter "ram_block_type" = "AUTO"
    Info (12134): Parameter "rdcontrol_aclr_b" = "NONE"
    Info (12134): Parameter "rdcontrol_reg_b" = "CLOCK1"
    Info (12134): Parameter "read_during_write_mode_mixed_ports" = "DONT_CARE"
    Info (12134): Parameter "read_during_write_mode_port_a" = "DONT_CARE"
    Info (12134): Parameter "read_during_write_mode_port_b" = "NEW_DATA_NO_NBE_READ"
    Info (12134): Parameter "stratixiv_m144k_allow_dual_clocks" = "ON"
    Info (12134): Parameter "width_a" = "16"
    Info (12134): Parameter "width_b" = "1"
    Info (12134): Parameter "width_byteena_a" = "1"
    Info (12134): Parameter "width_byteena_b" = "1"
    Info (12134): Parameter "width_eccstatus" = "3"
    Info (12134): Parameter "widthad_a" = "9"
    Info (12134): Parameter "widthad_b" = "1"
    Info (12134): Parameter "wrcontrol_aclr_a" = "UNUSED"
    Info (12134): Parameter "wrcontrol_aclr_b" = "NONE"
    Info (12134): Parameter "wrcontrol_wraddress_reg_b" = "CLOCK1"
    Info (12134): Parameter "lpm_hint" = "ENABLE_RUNTIME_MOD=NO"
    Info (12134): Parameter "lpm_type" = "altsyncram"
Info (12021): Found 1 design units, including 1 entities, in source file db/altsyncram_s3v3.tdf
    Info (12023): Found entity 1: altsyncram_s3v3 File: C:/HDL/701/recop/Quartus/db/altsyncram_s3v3.tdf Line: 27
Info (12128): Elaborating entity "altsyncram_s3v3" for hierarchy "recop_top_v1:u_recop|execute:u_execute|data_memory_ip:u_dm|altsyncram:altsyncram_component|altsyncram_s3v3:auto_generated" File: c:/hdl/quartu18.1/quartus/libraries/megafunctions/altsyncram.tdf Line: 791
Info (12128): Elaborating entity "registers" for hierarchy "recop_top_v1:u_recop|registers:u_registers" File: C:/HDL/701/recop/RecopVHDL/Main/recop_top_v1.vhd Line: 220
Warning (13024): Output pins are stuck at VCC or GND
    Warning (13410): Pin "HEX0[0]" is stuck at GND File: C:/HDL/701/recop/RecopVHDL/Main/recop_de1_soc_test.vhd Line: 14
    Warning (13410): Pin "HEX0[1]" is stuck at GND File: C:/HDL/701/recop/RecopVHDL/Main/recop_de1_soc_test.vhd Line: 14
    Warning (13410): Pin "HEX0[2]" is stuck at GND File: C:/HDL/701/recop/RecopVHDL/Main/recop_de1_soc_test.vhd Line: 14
    Warning (13410): Pin "HEX0[3]" is stuck at GND File: C:/HDL/701/recop/RecopVHDL/Main/recop_de1_soc_test.vhd Line: 14
    Warning (13410): Pin "HEX0[4]" is stuck at GND File: C:/HDL/701/recop/RecopVHDL/Main/recop_de1_soc_test.vhd Line: 14
    Warning (13410): Pin "HEX0[5]" is stuck at GND File: C:/HDL/701/recop/RecopVHDL/Main/recop_de1_soc_test.vhd Line: 14
    Warning (13410): Pin "HEX0[6]" is stuck at GND File: C:/HDL/701/recop/RecopVHDL/Main/recop_de1_soc_test.vhd Line: 14
    Warning (13410): Pin "HEX1[0]" is stuck at GND File: C:/HDL/701/recop/RecopVHDL/Main/recop_de1_soc_test.vhd Line: 15
    Warning (13410): Pin "HEX1[1]" is stuck at GND File: C:/HDL/701/recop/RecopVHDL/Main/recop_de1_soc_test.vhd Line: 15
    Warning (13410): Pin "HEX1[2]" is stuck at GND File: C:/HDL/701/recop/RecopVHDL/Main/recop_de1_soc_test.vhd Line: 15
    Warning (13410): Pin "HEX1[3]" is stuck at GND File: C:/HDL/701/recop/RecopVHDL/Main/recop_de1_soc_test.vhd Line: 15
    Warning (13410): Pin "HEX1[4]" is stuck at GND File: C:/HDL/701/recop/RecopVHDL/Main/recop_de1_soc_test.vhd Line: 15
    Warning (13410): Pin "HEX1[5]" is stuck at GND File: C:/HDL/701/recop/RecopVHDL/Main/recop_de1_soc_test.vhd Line: 15
    Warning (13410): Pin "HEX1[6]" is stuck at GND File: C:/HDL/701/recop/RecopVHDL/Main/recop_de1_soc_test.vhd Line: 15
    Warning (13410): Pin "HEX2[0]" is stuck at GND File: C:/HDL/701/recop/RecopVHDL/Main/recop_de1_soc_test.vhd Line: 16
    Warning (13410): Pin "HEX2[1]" is stuck at GND File: C:/HDL/701/recop/RecopVHDL/Main/recop_de1_soc_test.vhd Line: 16
    Warning (13410): Pin "HEX2[2]" is stuck at GND File: C:/HDL/701/recop/RecopVHDL/Main/recop_de1_soc_test.vhd Line: 16
    Warning (13410): Pin "HEX2[3]" is stuck at GND File: C:/HDL/701/recop/RecopVHDL/Main/recop_de1_soc_test.vhd Line: 16
    Warning (13410): Pin "HEX2[4]" is stuck at GND File: C:/HDL/701/recop/RecopVHDL/Main/recop_de1_soc_test.vhd Line: 16
    Warning (13410): Pin "HEX2[5]" is stuck at GND File: C:/HDL/701/recop/RecopVHDL/Main/recop_de1_soc_test.vhd Line: 16
    Warning (13410): Pin "HEX2[6]" is stuck at GND File: C:/HDL/701/recop/RecopVHDL/Main/recop_de1_soc_test.vhd Line: 16
    Warning (13410): Pin "HEX3[0]" is stuck at GND File: C:/HDL/701/recop/RecopVHDL/Main/recop_de1_soc_test.vhd Line: 17
    Warning (13410): Pin "HEX3[1]" is stuck at GND File: C:/HDL/701/recop/RecopVHDL/Main/recop_de1_soc_test.vhd Line: 17
    Warning (13410): Pin "HEX3[2]" is stuck at GND File: C:/HDL/701/recop/RecopVHDL/Main/recop_de1_soc_test.vhd Line: 17
    Warning (13410): Pin "HEX3[3]" is stuck at GND File: C:/HDL/701/recop/RecopVHDL/Main/recop_de1_soc_test.vhd Line: 17
    Warning (13410): Pin "HEX3[4]" is stuck at GND File: C:/HDL/701/recop/RecopVHDL/Main/recop_de1_soc_test.vhd Line: 17
    Warning (13410): Pin "HEX3[5]" is stuck at GND File: C:/HDL/701/recop/RecopVHDL/Main/recop_de1_soc_test.vhd Line: 17
    Warning (13410): Pin "HEX3[6]" is stuck at GND File: C:/HDL/701/recop/RecopVHDL/Main/recop_de1_soc_test.vhd Line: 17
    Warning (13410): Pin "HEX4[0]" is stuck at GND File: C:/HDL/701/recop/RecopVHDL/Main/recop_de1_soc_test.vhd Line: 18
    Warning (13410): Pin "HEX4[1]" is stuck at GND File: C:/HDL/701/recop/RecopVHDL/Main/recop_de1_soc_test.vhd Line: 18
    Warning (13410): Pin "HEX4[2]" is stuck at GND File: C:/HDL/701/recop/RecopVHDL/Main/recop_de1_soc_test.vhd Line: 18
    Warning (13410): Pin "HEX4[3]" is stuck at GND File: C:/HDL/701/recop/RecopVHDL/Main/recop_de1_soc_test.vhd Line: 18
    Warning (13410): Pin "HEX4[4]" is stuck at GND File: C:/HDL/701/recop/RecopVHDL/Main/recop_de1_soc_test.vhd Line: 18
    Warning (13410): Pin "HEX4[5]" is stuck at GND File: C:/HDL/701/recop/RecopVHDL/Main/recop_de1_soc_test.vhd Line: 18
    Warning (13410): Pin "HEX4[6]" is stuck at GND File: C:/HDL/701/recop/RecopVHDL/Main/recop_de1_soc_test.vhd Line: 18
    Warning (13410): Pin "HEX5[0]" is stuck at GND File: C:/HDL/701/recop/RecopVHDL/Main/recop_de1_soc_test.vhd Line: 19
    Warning (13410): Pin "HEX5[1]" is stuck at GND File: C:/HDL/701/recop/RecopVHDL/Main/recop_de1_soc_test.vhd Line: 19
    Warning (13410): Pin "HEX5[2]" is stuck at GND File: C:/HDL/701/recop/RecopVHDL/Main/recop_de1_soc_test.vhd Line: 19
    Warning (13410): Pin "HEX5[3]" is stuck at GND File: C:/HDL/701/recop/RecopVHDL/Main/recop_de1_soc_test.vhd Line: 19
    Warning (13410): Pin "HEX5[4]" is stuck at GND File: C:/HDL/701/recop/RecopVHDL/Main/recop_de1_soc_test.vhd Line: 19
    Warning (13410): Pin "HEX5[5]" is stuck at GND File: C:/HDL/701/recop/RecopVHDL/Main/recop_de1_soc_test.vhd Line: 19
    Warning (13410): Pin "HEX5[6]" is stuck at GND File: C:/HDL/701/recop/RecopVHDL/Main/recop_de1_soc_test.vhd Line: 19
Info (286030): Timing-Driven Synthesis is running
Info (16010): Generating hard_block partition "hard_block:auto_generated_inst"
    Info (16011): Adding 0 node(s), including 0 DDIO, 0 PLL, 0 transceiver and 0 LCELL
Warning (21074): Design contains 2 input pin(s) that do not drive logic
    Warning (15610): No output dependent on input pin "KEY[2]" File: C:/HDL/701/recop/RecopVHDL/Main/recop_de1_soc_test.vhd Line: 9
    Warning (15610): No output dependent on input pin "KEY[3]" File: C:/HDL/701/recop/RecopVHDL/Main/recop_de1_soc_test.vhd Line: 9
Info (21057): Implemented 853 device resources after synthesis - the final resource count might be different
    Info (21058): Implemented 15 input pins
    Info (21059): Implemented 52 output pins
    Info (21061): Implemented 738 logic cells
    Info (21064): Implemented 48 RAM segments
Info: Quartus Prime Analysis & Synthesis was successful. 0 errors, 65 warnings
    Info: Peak virtual memory: 4891 megabytes
    Info: Processing ended: Tue Apr 21 18:46:36 2026
    Info: Elapsed time: 00:00:10
    Info: Total CPU time (on all processors): 00:00:17


